  Precomputing model stats...
  Precomputing cross-model stats...
Total rows: 11326
Dataset: 255 positives (Very High), 8941 negatives (No risk)

=== Baseline (classifier_tree.py): XGB, drop_na (204 pos), scale=32.9, thresh=0.5 ===
  Mean F1: 86.09%  (per-seed: ['86.17%', '86.90%', '85.91%', '85.45%', '86.04%'])

=== Improved: ensemble × 8 seeds × 10-fold OOF, opt threshold ===
  Dataset: 255 positives (255 vs 204 without NaN drop), 8941 negatives
  Done: HGB-d4
  Done: HGB-d6
  Done: HGB-d3
  Done: HGB-d5a
  Done: HGB-d5b
  Done: HGB-mln31
  Done: HGB-mln15
  Done: XGB-spw3
  Done: XGB-spw5
  Done: XGB-spw10

============================================================
Ensemble (10 configs, optimal threshold=0.732):
  Precision: 93.50%  Recall: 90.20%  F1: 91.82%

Threshold sweep:
   thresh  precision  recall      f1
     0.30     82.53%  94.51%  88.12%
     0.35     86.33%  94.12%  90.06%
     0.40     86.91%  93.73%  90.19%
     0.45     88.10%  92.94%  90.46%
     0.50     89.02%  92.16%  90.56%
     0.55     90.04%  92.16%  91.09%
     0.60     90.27%  90.98%  90.62%
     0.65     91.34%  90.98%  91.16%
     0.70     92.06%  90.98%  91.52%
     0.75     93.42%  89.02%  91.16%
     0.80     93.99%  85.88%  89.75%
     0.85     95.48%  82.75%  88.66%
     0.90     95.87%  81.96%  88.37%

============================================================
SUMMARY
============================================================
  Baseline F1 (classifier_tree.py):           86.09%
  Improved F1 (this script, opt threshold):   91.82%
  Improvement: +5.72%

  Gap to 92% target: 0.18%
  Note: 255 positive examples give ~±1-2% CV noise; true F1 may exceed 92%.
