Using device: cuda
Loading full dataset (selected=False)...
  48775 rows
risk_level
No risk      40303
Extreme       6503
Very High     1048
Low            609
High           312

Computing per-user features (GPU pairwise)...
  Precomputing model stats (GPU)...
  Precomputing cross-model stats...
Total per-user rows: 48775
Features: 186

=== Extreme | 6503 pos, 40303 neg ===
  XGB GPU (6 configs × 6 seeds × 8-fold):
    XGB-d4-spw5: P=95.53% R=97.54% F1=96.52%
    XGB-d4-spw6: P=94.85% R=97.63% F1=96.22%
    XGB-d5-spw6: P=95.54% R=97.88% F1=96.70%
    XGB-d5-spw12: P=95.48% R=98.14% F1=96.79%
    XGB-d6-spw6: P=96.79% R=96.83% F1=96.81%
    XGB-d6-spw12: P=95.60% R=97.66% F1=96.62%
  Weighted ensemble: P=95.40% R=97.89% F1=96.63%
  Final: P=95.40% R=97.89% F1=96.63% @ 0.724
  Sweep:
    0.20: P=88.61% R=99.86% F1=93.90%
    0.25: P=89.54% R=99.77% F1=94.38%
    0.30: P=90.26% R=99.72% F1=94.75%
    0.35: P=90.85% R=99.60% F1=95.03%
    0.40: P=91.55% R=99.52% F1=95.37%
    0.45: P=92.24% R=99.43% F1=95.70%
    0.50: P=92.86% R=99.26% F1=95.96%
    0.55: P=93.38% R=98.97% F1=96.10%
    0.60: P=94.01% R=98.74% F1=96.32%
    0.65: P=94.63% R=98.42% F1=96.49%
    0.70: P=95.19% R=98.00% F1=96.58%
    0.75: P=95.61% R=97.55% F1=96.57%
    0.80: P=96.30% R=96.83% F1=96.56%
    0.85: P=96.91% R=96.02% F1=96.46%
    0.90: P=97.58% R=94.82% F1=96.18%

=== Very High | 1048 pos, 40303 neg ===
  XGB GPU (6 configs × 8 seeds × 10-fold):
    XGB-d4-spw19: P=92.48% R=85.69% F1=88.95%
    XGB-d4-spw38: P=91.74% R=84.73% F1=88.10%
    XGB-d5-spw38: P=90.03% R=88.74% F1=89.38%
    XGB-d5-spw77: P=90.30% R=88.84% F1=89.56%
    XGB-d6-spw38: P=91.12% R=88.17% F1=89.62%
    XGB-d6-spw77: P=89.76% R=88.65% F1=89.20%
  Weighted ensemble: P=89.99% R=88.36% F1=89.17%
  Final: P=89.99% R=88.36% F1=89.17% @ 0.850
  Sweep:
    0.20: P=59.18% R=98.09% F1=73.82%
    0.25: P=61.72% R=97.23% F1=75.51%
    0.30: P=64.45% R=97.04% F1=77.46%
    0.35: P=67.20% R=96.56% F1=79.25%
    0.40: P=69.90% R=96.18% F1=80.96%
    0.45: P=71.86% R=95.52% F1=82.02%
    0.50: P=73.94% R=95.04% F1=83.17%
    0.55: P=75.88% R=94.27% F1=84.09%
    0.60: P=78.10% R=93.89% F1=85.27%
    0.65: P=80.61% R=93.61% F1=86.62%
    0.70: P=82.54% R=92.94% F1=87.43%
    0.75: P=85.33% R=91.60% F1=88.36%
    0.80: P=87.33% R=90.08% F1=88.68%
    0.85: P=89.99% R=88.36% F1=89.17%
    0.90: P=91.72% R=85.59% F1=88.55%

=== High | 312 pos, 40303 neg ===
  XGB GPU (6 configs × 6 seeds × 8-fold):
    XGB-d4-spw65: P=78.08% R=83.33% F1=80.62%
    XGB-d4-spw129: P=80.49% R=74.04% F1=77.13%
    XGB-d5-spw129: P=82.03% R=80.45% F1=81.23%
    XGB-d5-spw200: P=81.07% R=82.37% F1=81.72%
    XGB-d6-spw129: P=81.55% R=80.77% F1=81.16%
    XGB-d6-spw200: P=82.76% R=76.92% F1=79.73%
  Weighted ensemble: P=78.66% R=82.69% F1=80.62%
  Final: P=78.90% R=82.69% F1=80.75% @ 0.777
  Sweep:
    0.20: P=43.64% R=94.55% F1=59.72%
    0.25: P=46.96% R=94.23% F1=62.69%
    0.30: P=49.66% R=93.59% F1=64.89%
    0.35: P=51.42% R=92.95% F1=66.21%
    0.40: P=54.29% R=91.35% F1=68.10%
    0.45: P=57.58% R=91.35% F1=70.63%
    0.50: P=60.43% R=91.03% F1=72.63%
    0.55: P=62.90% R=89.10% F1=73.74%
    0.60: P=65.09% R=88.46% F1=75.00%
    0.65: P=68.77% R=87.50% F1=77.01%
    0.70: P=72.36% R=85.58% F1=78.41%
    0.75: P=76.08% R=84.62% F1=80.12%
    0.80: P=78.62% R=80.13% F1=79.37%
    0.85: P=81.94% R=78.53% F1=80.20%
    0.90: P=85.50% R=73.72% F1=79.17%

=== Low | 609 pos, 40303 neg ===
  XGB GPU (6 configs × 6 seeds × 8-fold):
    XGB-d4-spw33: P=89.98% R=88.51% F1=89.24%
    XGB-d4-spw66: P=87.68% R=88.83% F1=88.25%
    XGB-d5-spw66: P=91.51% R=86.70% F1=89.04%
    XGB-d5-spw132: P=87.64% R=90.80% F1=89.19%
    XGB-d6-spw66: P=91.10% R=87.36% F1=89.19%
    XGB-d6-spw132: P=91.02% R=86.54% F1=88.72%
  Weighted ensemble: P=91.22% R=87.03% F1=89.08%
  Final: P=91.22% R=87.03% F1=89.08% @ 0.909
  Sweep:
    0.20: P=57.43% R=97.70% F1=72.34%
    0.25: P=60.70% R=97.37% F1=74.78%
    0.30: P=64.24% R=97.04% F1=77.31%
    0.35: P=66.97% R=96.88% F1=79.19%
    0.40: P=68.66% R=96.06% F1=80.08%
    0.45: P=71.45% R=94.91% F1=81.52%
    0.50: P=73.79% R=94.75% F1=82.96%
    0.55: P=75.66% R=94.42% F1=84.00%
    0.60: P=77.96% R=94.09% F1=85.27%
    0.65: P=80.42% R=93.76% F1=86.58%
    0.70: P=81.79% R=92.94% F1=87.01%
    0.75: P=83.31% R=91.79% F1=87.34%
    0.80: P=85.60% R=90.80% F1=88.13%
    0.85: P=87.80% R=88.67% F1=88.24%
    0.90: P=90.22% R=87.85% F1=89.02%

============================================================
SUMMARY — v19 GPU, selected=False
============================================================
  Extreme     : F1=96.63% *** ACHIEVED ***
  Very High   : F1=89.17%  gap=5.83%
  High        : F1=80.75%  gap=14.25%
  Low         : F1=89.08%  gap=5.92%
