Loading models...
Loading dataset...
  26050 rows
Computing features...
  Norisk medians (vectorized CPU)...
E:\work\OF\v2_v3_cpu\autoresearch\classifier_v2_cpu_predict.py:289: RuntimeWarning: All-NaN slice encountered
  row_mins = np.nanmin(dd, axis=1)
  Model rates and risk fractions...
  Cross-model user stats...
  Dispatching 559 model groups to 8 workers...
Saved 26050 predictions to results.csv

Distribution:
predicted_risk
No risk      22158
Extreme       3408
Low            187
High           150
Very High      147

Updating risk levels in DB...
  Updated 26182 rows.
