Running v5 ensemble for diagnostics...
F1=93.73% P=93.73% R=93.73% thresh=0.672

================================================================================
VERY HIGH USERS sorted by OOF score (bottom = false negatives)
================================================================================
  score FP/TP  user_name                         cic_10k_8h    cic_20k_6h    cic_10k_6h  partner_coun  log_min_id_d  log_min_cons  user_model_c  user_max_ris  log_user_id_     cic_1k_8h     cic_5k_8h
-------------------------------------------------------------------------------------------------------------------------------------------------------------------------------------------------------
  0.000    FN  eryamirhys666                            nan           nan           nan           nan           nan           nan          1.00          0.00         19.76           nan           nan
  0.002    FN  u486156211                              0.00          0.00          0.00          2.00         11.23          7.88          1.00          0.00         20.00          0.00          0.00
  0.002    FN  u519180687                              0.00           nan           nan          2.00         19.40           nan          1.00          0.00         20.07          0.00          0.00
  0.003    FN  u522259938                              0.00          0.00          0.00          4.00         10.61          6.61          1.00          0.00         20.07          0.00          0.00
  0.014    FN  u538649814                              1.00          2.00          1.00          7.00          9.09          8.86          1.00          0.00         20.10          0.00          0.00
  0.024    FN  steve_n_5046                            7.00         11.00          7.00         13.00          7.01          6.32          2.00          4.00         19.91          0.00          3.00
  0.111    FN  u541810930                              2.00          2.00          2.00         28.00          7.57          0.69          1.00          0.00         20.11          0.00          2.00
  0.114    FN  jac-astronaut                           0.00          3.00          0.00         16.00          9.76          6.40          1.00          0.00         19.85          0.00          0.00
  0.130    FN  christina_clayt_8801                    3.00          3.00          3.00         12.00          8.06          6.27          1.00          0.00         19.91          0.00          1.00
  0.226    FN  u536455726                              2.00          2.00          2.00         28.00          0.69          6.54          1.00          0.00         20.10          2.00          2.00
  0.304    FN  u534968828                              3.00          3.00          3.00         24.00          5.83          1.79          1.00          0.00         20.10          1.00          3.00
  0.385    FN  mike_842                                6.00          6.00          6.00          8.00          6.69          6.01          2.00          4.00         19.91          1.00          6.00
  0.388    FN  karl3834                                5.00          6.00          5.00          8.00          6.30          6.01          2.00          5.00         19.91          2.00          4.00
  0.541    FN  roger_7                                 4.00          5.00          4.00         12.00          8.19          6.27          1.00          0.00         19.91          0.00          2.00
  0.570    FN  katraman_el_leo_7213                    3.00          3.00          3.00          9.00          6.26          7.17          1.00          0.00         19.91          1.00          2.00
  0.622    FN  robert_hampton_9092                     4.00         10.00          4.00         31.00          7.54          6.23          2.00          4.00         19.91          0.00          3.00
  0.672    TP  brandon_1362                            9.00          9.00          7.00         23.00          7.30          6.32          2.00          4.00         19.91          0.00          6.00
  0.681    TP  klumsetepingvin                         6.00          2.00          2.00          6.00          7.56          2.40          1.00          0.00         20.13          0.00          6.00
  0.687    TP  banana44x                               2.00          2.00          2.00          2.00          8.76          4.63          1.00          0.00         20.12          0.00          0.00
  0.709    TP  krohnlogic_7                           14.00         14.00         14.00         14.00          4.71          3.37          1.00          0.00         20.12          5.00         14.00
  0.710    TP  mr_cani_873                             4.00          5.00          4.00          8.00          6.87          6.48          1.00          0.00         19.91          1.00          4.00
  0.733    TP  u511110672                             10.00         10.00         10.00         10.00          4.93          3.14          1.00          0.00         20.05         10.00         10.00
  0.787    TP  jose_80                                 5.00          3.00          3.00         13.00          5.97          5.71          2.00          4.00         19.91          2.00          5.00
  0.801    TP  u544591763                              7.00          7.00          7.00         19.00          6.23          2.56          2.00          5.00         20.12          1.00          6.00
  0.809    TP  jdog223_s_6488                          2.00          5.00          1.00         45.00          6.63          6.23          2.00          5.00         19.90          1.00          2.00
  0.812    TP  david_hang_8565                         6.00          7.00          6.00          8.00          6.97          6.12          2.00          5.00         19.91          0.00          5.00
  0.826    TP  boi_richard41                           6.00          6.00          6.00         24.00          6.58          1.79          1.00          0.00         20.10          1.00          2.00
  0.881    TP  u548330031                              3.00          3.00          3.00          7.00          7.18          8.08          1.00          0.00         20.12          0.00          2.00
  0.885    TP  710burner_6045                          6.00          7.00          6.00          8.00          6.12          6.31          2.00          4.00         19.91          1.00          6.00
  0.907    TP  u523561333                              3.00          3.00          3.00          3.00          8.88          6.91          1.00          0.00         20.08          0.00          0.00
  0.909    TP  carlos_sosa_4873                        6.00          7.00          6.00          8.00          6.12          6.31          2.00          4.00         19.91          1.00          6.00
  0.917    TP  u529957483                              3.00          3.00          3.00         28.00          7.53          0.69          1.00          0.00         20.09          0.00          3.00
  0.928    TP  u529955618                              3.00          3.00          3.00         28.00          7.05          0.69          1.00          0.00         20.09          0.00          3.00
  0.934    TP  big_addy_5544                           6.00          6.00          6.00          8.00          7.01          6.01          2.00          4.00         19.91          0.00          5.00
  0.934    TP  asss1212                                0.00          0.00          0.00          4.00         10.44          7.09          1.00          0.00         20.11          0.00          0.00
  0.938    TP  u558525551                              5.00          5.00          5.00         15.00          6.95          1.79          1.00          0.00         20.14          0.00          5.00
  0.941    TP  u558526597                              5.00          5.00          5.00         17.00          1.79          6.66          1.00          0.00         20.14          2.00          5.00
  0.944    TP  u511110027                             10.00         10.00         10.00         10.00          3.22          3.14          1.00          0.00         20.05         10.00         10.00
  0.944    TP  u557451471                              5.00          4.00          4.00         17.00          6.44          6.50          1.00          0.00         20.14          2.00          5.00
  0.946    TP  sovren2345647                          14.00         14.00         14.00         14.00          3.85          3.37          2.00          5.00         20.12          5.00         14.00
  0.949    TP  darkblade91s                            5.00          5.00          5.00          5.00          3.87          4.48          1.00          0.00         20.12          4.00          5.00
  0.951    TP  u511102567                              2.00          2.00          2.00          2.00          2.94          3.99          1.00          0.00         20.05          2.00          2.00
  0.954    TP  u557465542                              4.00          4.00          4.00         15.00          7.18          3.37          1.00          0.00         20.14          0.00          2.00
  0.956    TP  u511102287                              2.00          2.00          2.00          2.00          4.51          3.09          1.00          0.00         20.05          2.00          2.00
  0.960    TP  addison_queen                           5.00          5.00          5.00         17.00          1.79          6.66          1.00          0.00         20.14          2.00          5.00
  0.962    TP  lustirdd                                5.00          6.00          5.00         19.00          6.44          6.50          1.00          0.00         20.14          2.00          5.00
  0.962    TP  smikhkrizslozy                         11.00         11.00         11.00         11.00          3.93          3.53          1.00          0.00         20.12          6.00         11.00
  0.965    TP  u557452855                              5.00          6.00          5.00         19.00          6.50          6.44          2.00          4.00         20.14          2.00          5.00
  0.967    TP  gthornex_420                            5.00          5.00          5.00          5.00          4.38          3.87          1.00          0.00         20.12          4.00          5.00
  0.967    TP  panda4ninja                             4.00          4.00          4.00         11.00          7.49          3.69          1.00          0.00         20.14          0.00          4.00
  0.975    TP  u441665168                              3.00          3.00          3.00          9.00          6.26          6.95          1.00          0.00         19.91          1.00          2.00
  0.975    TP  toby_766                                5.00          8.00          5.00         35.00          7.11          6.23          2.00          5.00         19.91          0.00          5.00
  0.975    TP  artur_tavkin_256                        2.00          2.00          2.00         16.00          5.96          6.95          2.00          4.00         19.90          1.00          2.00
  0.976    TP  u544596539                              2.00          2.00          2.00          4.00          7.16          6.43          2.00          4.00         20.12          0.00          2.00
  0.977    TP  u511106813                              4.00          4.00          4.00          4.00          3.09          3.53          1.00          0.00         20.05          4.00          4.00
  0.977    TP  u511110132                             10.00         10.00         10.00         10.00          3.53          3.14          1.00          0.00         20.05         10.00         10.00
  0.980    TP  lb8644                                  4.00          4.00          4.00         19.00          7.58          1.10          2.00          4.00         20.14          0.00          2.00
  0.980    TP  u511110165                             10.00         10.00         10.00         10.00          3.53          3.14          1.00          0.00         20.05         10.00         10.00
  0.980    TP  jackie_johnston_9358                    5.00          4.00          4.00         15.00          6.32          5.71          2.00          4.00         19.91          2.00          5.00
  0.980    TP  u511104642                              2.00          2.00          2.00          2.00          5.06          3.00          1.00          0.00         20.05          2.00          2.00
  0.983    TP  glendon_8360                            6.00         10.00          5.00         45.00          7.78          6.23          2.00          4.00         19.90          0.00          2.00
  0.984    TP  dalberto_antoni_6766                    4.00          8.00          3.00         29.00          7.60          6.59          2.00          4.00         19.90          0.00          1.00
  0.985    TP  u538642252                              6.00          6.00          6.00         24.00          6.58          1.79          1.00          0.00         20.10          1.00          2.00
  0.985    TP  noodlepanic                             4.00          4.00          4.00          4.00          8.59          5.44          1.00          0.00         20.12          0.00          0.00
  0.986    TP  a_16373                                 8.00          7.00          6.00         15.00          6.14          6.09          2.00          4.00         19.91          1.00          4.00
  0.987    TP  u441666736                              3.00          3.00          3.00          9.00          6.95          6.26          1.00          0.00         19.91          0.00          2.00
  0.987    TP  jeff_347                                7.00          9.00          7.00         25.00          6.43          6.94          2.00          5.00         19.91          1.00          2.00
  0.988    TP  u511110534                             10.00         10.00         10.00         10.00          4.22          3.14          1.00          0.00         20.05         10.00         10.00
  0.989    TP  u538643267                              6.00          6.00          6.00         24.00          6.92          1.79          2.00          4.00         20.10          0.00          3.00
  0.989    TP  tripletttrouble_1196                   10.00          9.00          8.00         17.00          6.22          6.09          2.00          4.00         19.91          2.00          4.00
  0.989    TP  frostnova29                             5.00          5.00          5.00          7.00          5.53          4.30          1.00          0.00         20.14          4.00          5.00
  0.990    TP  u511105002                              3.00          3.00          3.00          3.00          5.26          5.14          1.00          0.00         20.05          3.00          3.00
  0.990    TP  jonas_4                                 3.00          6.00          3.00         12.00          8.60          6.27          2.00          4.00         19.91          0.00          0.00
  0.990    TP  epiq_pro_2333                           3.00          3.00          3.00         12.00          8.06          6.27          2.00          4.00         19.91          0.00          2.00
  0.991    TP  u511105502                              3.00          3.00          3.00          3.00          5.14          5.26          1.00          0.00         20.05          3.00          3.00
  0.991    TP  u544595252                              3.00          3.00          3.00         11.00          6.43          7.40          2.00          4.00         20.12          1.00          3.00
  0.991    TP  donutcowboyc                           11.00         11.00         11.00         11.00          3.93          3.53          1.00          0.00         20.12          6.00         11.00
  0.992    TP  stormbladed                             5.00          5.00          5.00          5.00          6.30          4.34          1.00          0.00         20.12          2.00          5.00
  0.992    TP  fjell1katt                              2.00          2.00          2.00          5.00          4.51          4.55          2.00          5.00         20.14          2.00          2.00
  0.992    TP  izzy_84                                 2.00          3.00          2.00          6.00          7.12          7.19          2.00          4.00         19.90          0.00          2.00
  0.992    TP  flannisoda_8333                         5.00          4.00          4.00         15.00          6.32          5.71          2.00          4.00         19.91          2.00          5.00
  0.993    TP  lunar_cipherw                           5.00          5.00          5.00          5.00          6.51          4.34          1.00          0.00         20.12          2.00          5.00
  0.993    TP  bouncypancake                           7.00          7.00          7.00         19.00          6.65          4.03          1.00          0.00         20.12          1.00          7.00
  0.993    TP  richard_stone_8837                      2.00          3.00          2.00          6.00          7.12          7.15          2.00          4.00         19.90          0.00          2.00
  0.993    TP  u39474987_1600                          2.00          2.00          2.00          3.00          6.59          7.55          1.00          0.00         19.91          1.00          2.00
  0.994    TP  jay_jay_8640                            8.00          9.00          8.00         24.00          7.25          6.43          2.00          5.00         19.91          0.00          5.00
  0.994    TP  tyler1_highligh_6444                    5.00          5.00          5.00         13.00          6.64          6.63          2.00          5.00         19.90          1.00          4.00
  0.994    TP  hiworldibad                             3.00          5.00          3.00          5.00          8.23          6.78          1.00          0.00         20.08          0.00          1.00
  0.994    TP  bob_chernow_1212                        3.00          6.00          3.00         12.00          6.51          6.27          1.00          0.00         19.91          1.00          1.00
  0.994    TP  u511110333                             10.00         10.00         10.00         10.00          3.58          3.14          1.00          0.00         20.05         10.00         10.00
  0.994    TP  irondrake19                             5.00          5.00          5.00          5.00          6.44          4.34          1.00          0.00         20.12          3.00          5.00
  0.995    TP  u441039888                              2.00          5.00          2.00         31.00          6.63          6.59          2.00          5.00         19.90          1.00          2.00
  0.995    TP  mahesh_dhurve_1866                     14.00         12.00         11.00         21.00          6.24          6.09          2.00          4.00         19.91          1.00          7.00
  0.995    TP  maurizio_5615                           2.00          3.00          2.00         24.00          5.96          6.94          2.00          4.00         19.90          1.00          2.00
  0.995    TP  flying6pickle                           3.00          4.00          3.00          4.00          5.23          3.66          1.00          0.00         20.14          3.00          3.00
  0.996    TP  sonsilverton                            6.00          6.00          6.00         11.00          8.09          4.16          1.00          0.00         20.14          0.00          6.00
  0.996    TP  mauricelord                             4.00          4.00          4.00         19.00          6.42          1.10          1.00          0.00         20.14          1.00          1.00
  0.996    TP  u511105672                              3.00          3.00          3.00          3.00          5.14          5.26          1.00          0.00         20.05          3.00          3.00
  0.996    TP  chiefexplore                            4.00          4.00          4.00         19.00          6.42          1.10          1.00          0.00         20.14          1.00          1.00
  0.996    TP  sexy_guy_7232                           2.00          2.00          2.00          3.00          7.07          6.59          1.00          0.00         19.91          0.00          2.00
  0.996    TP  frostaegis                              5.00          5.00          5.00          5.00          6.30          4.34          1.00          0.00         20.12          1.00          5.00
  0.996    TP  mcstagger_9138                          6.00         12.00          6.00         42.00          6.24          6.23          2.00          4.00         19.91          1.00          4.00
  0.996    TP  shane_2                                 6.00          8.00          6.00         37.00          7.89          6.24          2.00          4.00         19.90          0.00          2.00
  0.996    TP  derpyllama                              8.00          5.00          5.00          8.00          1.95          3.61          1.00          0.00         20.12          7.00          8.00
  0.996    TP  u441298158                             12.00         12.00         11.00         19.00          6.22          6.14          2.00          4.00         19.91          1.00          6.00
  0.996    TP  andrebuhler_5674                        6.00         12.00          6.00         36.00          6.24          6.23          2.00          4.00         19.91          1.00          4.00
  0.996    TP  bouncypanda1                            8.00          5.00          5.00          8.00          6.37          1.95          1.00          0.00         20.12          2.00          8.00
  0.996    TP  u511110406                             10.00         10.00         10.00         10.00          3.14          3.22          1.00          0.00         20.05         10.00         10.00
  0.997    TP  u548331340                              3.00          3.00          3.00          7.00          7.18          7.56          1.00          0.00         20.12          0.00          2.00
  0.997    TP  t_pro189_6359                           3.00          6.00          3.00         12.00          6.51          6.27          2.00          4.00         19.91          1.00          1.00
  0.997    TP  u511103754                              3.00          3.00          3.00          3.00          2.20          3.40          1.00          0.00         20.05          3.00          3.00
  0.997    TP  u511103746                              3.00          3.00          3.00          3.00          2.20          3.40          1.00          0.00         20.05          3.00          3.00
  0.997    TP  anonymous_4103                          2.00          3.00          2.00          6.00          7.15          7.12          2.00          4.00         19.90          0.00          2.00
  0.997    TP  robert_wilson_1315                      8.00          8.00          8.00         45.00          7.19          6.23          2.00          4.00         19.91          0.00          4.00
  0.997    TP  jay_5876                                3.00          3.00          3.00         12.00          7.04          6.27          2.00          4.00         19.91          0.00          1.00
  0.997    TP  u511110298                             10.00         10.00         10.00         10.00          3.58          3.14          1.00          0.00         20.05         10.00         10.00
  0.997    TP  sneakymarsh                             5.00          5.00          5.00          5.00          4.34          6.30          1.00          0.00         20.12          3.00          5.00
  0.997    TP  u557456515                              4.00          4.00          4.00         19.00          6.52          1.10          1.00          0.00         20.14          1.00          2.00
  0.997    TP  u511104811                              3.00          3.00          3.00          3.00          5.26          5.14          1.00          0.00         20.05          3.00          3.00
  0.997    TP  u511110467                             10.00         10.00         10.00         10.00          3.69          3.14          1.00          0.00         20.05         10.00         10.00
  0.998    TP  rick_51                                 3.00          3.00          3.00         12.00          7.04          6.27          2.00          4.00         19.91          0.00          2.00
  0.998    TP  u511102549                              2.00          2.00          2.00          2.00          2.94          3.58          1.00          0.00         20.05          2.00          2.00
  0.998    TP  u544594631                              3.00          2.00          2.00          6.00          6.43          7.16          3.00          4.00         20.12          1.00          3.00
  0.998    TP  derp_nugget-2                           5.00          5.00          5.00          5.00          4.34          6.30          1.00          0.00         20.12          3.00          5.00
  0.998    TP  ervinas_6933                            2.00          3.00          2.00         30.00          7.03          5.96          2.00          4.00         19.90          0.00          2.00
  0.998    TP  leesus_8566                             8.00          9.00          8.00         39.00          7.19          6.23          2.00          4.00         19.91          0.00          2.00
  0.998    TP  voidstriker53                           7.00          7.00          7.00         19.00          4.91          4.03          1.00          0.00         20.12          3.00          7.00
  0.998    TP  snacc_attack-69                         7.00          7.00          7.00         19.00          6.50          4.03          1.00          0.00         20.12          3.00          7.00
  0.998    TP  christopher_san_5878                    2.00          2.00          2.00          3.00          6.59          7.07          1.00          0.00         19.91          1.00          2.00
  0.998    TP  porter43t                               5.00          5.00          5.00          5.00          6.97          3.69          1.00          0.00         20.13          0.00          5.00
  0.998    TP  harry_gordon_3343                       6.00         11.00          6.00         27.00          7.04          6.43          2.00          4.00         19.91          0.00          4.00
  0.998    TP  shadowstrike5                           8.00          8.00          8.00          8.00          1.95          3.61          1.00          0.00         20.12          7.00          8.00
  0.998    TP  u511102602                              2.00          2.00          2.00          2.00          3.58          2.94          1.00          0.00         20.05          2.00          2.00
  0.998    TP  allan_3                                 6.00          9.00          5.00         41.00          7.30          6.24          2.00          4.00         19.90          0.00          2.00
  0.998    TP  u511110428                             10.00         10.00         10.00         10.00          3.14          3.22          1.00          0.00         20.05         10.00         10.00
  0.998    TP  pandadetective                          8.00          8.00          8.00          8.00          4.64          4.19          1.00          0.00         20.14          5.00          5.00
  0.998    TP  nightforge18                           11.00         11.00         11.00         11.00          5.25          3.53          1.00          0.00         20.12          5.00         11.00
  0.998    TP  daniwestston                            4.00          4.00          4.00          8.00          4.42          4.28          1.00          0.00         20.14          4.00          4.00
  0.998    TP  u511103898                              3.00          3.00          3.00          3.00          3.40          2.20          1.00          0.00         20.05          3.00          3.00
  0.999    TP  jimmyb94114_8888                        4.00          8.00          4.00         43.00          7.18          6.23          2.00          4.00         19.91          0.00          2.00
  0.999    TP  u557455837                              4.00          4.00          4.00         19.00          6.52          1.10          2.00          5.00         20.14          1.00          2.00
  0.999    TP  u511103927                              3.00          3.00          3.00          3.00          3.40          2.20          1.00          0.00         20.05          3.00          3.00
  0.999    TP  sancholoko_7253                         8.00          9.00          8.00         28.00          7.25          6.43          2.00          4.00         19.91          0.00          5.00
  0.999    TP  nick_walther_214                        6.00          7.00          5.00         35.00          7.30          6.59          2.00          4.00         19.90          0.00          3.00
  0.999    TP  andycarb3_2351                          5.00          5.00          5.00         13.00          6.95          6.63          2.00          5.00         19.90          0.00          3.00
  0.999    TP  voidstriker3                           11.00         11.00         11.00         11.00          4.42          3.53          1.00          0.00         20.12          7.00         11.00
  0.999    TP  void.aegis                              7.00          7.00          7.00         19.00          4.91          4.03          1.00          0.00         20.12          3.00          7.00
  0.999    TP  richard_stone_8837                      5.00          8.00          3.00         31.00          7.12          6.59          2.00          4.00         19.90          0.00          3.00
  0.999    TP  harry_gordon_4711                       8.00         10.00          8.00         27.00          7.04          6.43          2.00          4.00         19.91          0.00          5.00
  0.999    TP  ruben_2                                 8.00          9.00          8.00         28.00          7.17          6.43          2.00          4.00         19.91          0.00          4.00
  0.999    TP  smachnarealnist                         5.00          5.00          5.00          5.00          6.06          3.00          2.00          4.00         20.13          5.00          5.00
  0.999    TP  phantomrift33                           7.00          7.00          7.00         18.00          5.02          4.03          1.00          0.00         20.12          5.00          7.00
  0.999    TP  quincr43r5                              5.00          5.00          5.00          5.00          4.22          3.69          1.00          0.00         20.13          4.00          5.00
  0.999    TP  smachnarealnist                         5.00          5.00          5.00          5.00          6.06          3.00          2.00          4.00         20.13          5.00          5.00
  0.999    TP  errorbrain99                            5.00          5.00          5.00          5.00          6.05          3.00          2.00          4.00         20.13          5.00          5.00
  0.999    TP  u494664628                              2.00          2.00          2.00          5.00          5.89          5.30          1.00          0.00         20.02          1.00          2.00
  0.999    TP  u511102398                              2.00          2.00          2.00          2.00          3.09          4.51          1.00          0.00         20.05          2.00          2.00
  0.999    TP  u544595952                              3.00          3.00          3.00          6.00          5.68          7.05          2.00          4.00         20.12          1.00          3.00
  0.999    TP  u544596244                              3.00          3.00          3.00          6.00          5.68          7.19          1.00          0.00         20.12          1.00          3.00
  0.999    TP  u544594631                              3.00          3.00          3.00          6.00          7.19          5.68          3.00          4.00         20.12          0.00          3.00
  0.999    TP  nick_walther_214                        5.00          5.00          5.00         13.00          6.64          6.63          2.00          4.00         19.90          1.00          3.00
  0.999    TP  ecxoa_4413                              5.00          5.00          5.00          5.00          4.30          3.81          1.00          0.00         20.13          5.00          5.00
  0.999    TP  uriahfd43rf                             5.00          5.00          5.00          5.00          4.19          3.69          1.00          0.00         20.13          4.00          5.00
  0.999    TP  tristanr43t45                           5.00          5.00          5.00          5.00          4.19          3.69          1.00          0.00         20.13          4.00          5.00
  0.999    TP  u511102377                              2.00          2.00          2.00          2.00          3.09          4.72          1.00          0.00         20.05          2.00          2.00
  0.999    TP  u544597392                              3.00          3.00          3.00          6.00          7.05          5.68          1.00          0.00         20.12          0.00          3.00
  0.999    TP  sirderpingtone                          7.00          7.00          7.00         19.00          5.02          4.03          1.00          0.00         20.12          5.00          7.00
  0.999    TP  stefan_50                               6.00          8.00          5.00         45.00          6.65          6.23          2.00          4.00         19.90          1.00          4.00
  0.999    TP  blackdddcorpion                         2.00          2.00          2.00          5.00          5.89          5.30          1.00          0.00         20.02          2.00          2.00
  0.999    TP  haytham612                              2.00          2.00          2.00          5.00          6.49          5.30          1.00          0.00         20.02          1.00          2.00
  0.999    TP  christ_2014                             5.00          7.00          5.00         43.00          6.67          6.23          2.00          4.00         19.90          1.00          3.00
  0.999    TP  sillynoodle2                           11.00         11.00         11.00         11.00          4.68          3.53          2.00          5.00         20.12          5.00         11.00
  0.999    TP  stormnova12                             7.00          7.00          7.00         19.00          4.03          4.23          1.00          0.00         20.12          4.00          7.00
  0.999    TP  aric23w4etr2                            6.00          6.00          6.00          6.00          4.47          3.43          1.00          0.00         20.13          6.00          6.00
  0.999    TP  sethdr435                               5.00          5.00          5.00          5.00          3.69          4.19          1.00          0.00         20.13          4.00          5.00
  0.999    TP  ash-rogue                              11.00         11.00         11.00         11.00          3.56          3.53          1.00          0.00         20.12          7.00         11.00
  0.999    TP  toysetirsdag                            5.00          5.00          5.00          5.00          3.33          3.00          2.00          4.00         20.13          5.00          5.00
  0.999    TP  penguinonfiref                         11.00         11.00         11.00         11.00          4.68          3.53          2.00          5.00         20.12          5.00         11.00
  0.999    TP  dark8velvet                             2.00          2.00          2.00          6.00          3.93          4.36          1.00          0.00         20.14          2.00          2.00
  0.999    TP  primelogic71                            5.00          5.00          5.00          5.00          3.00          3.33          2.00          4.00         20.13          5.00          5.00
  0.999    TP  donutbeforework                         5.00          5.00          5.00          5.00          3.33          3.00          2.00          4.00         20.13          5.00          5.00
  0.999    TP  ironrequiempath                         5.00          5.00          5.00          5.00          3.00          3.33          2.00          4.00         20.13          5.00          5.00
  1.000    TP  ronanfr44545e                           5.00          5.00          5.00          5.00          3.69          4.19          1.00          0.00         20.13          4.00          5.00
  1.000    TP  sayer1234e5r6                           6.00          6.00          6.00          6.00          4.45          3.43          1.00          0.00         20.13          6.00          6.00
  1.000    TP  primelogic71                            5.00          5.00          5.00          5.00          3.00          3.33          2.00          4.00         20.13          5.00          5.00
  1.000    TP  tavian23wert                            6.00          6.00          6.00          6.00          4.45          3.43          1.00          0.00         20.13          6.00          6.00
  1.000    TP  julfrostwood                            4.00          4.00          4.00          4.00          5.08          4.30          1.00          0.00         20.14          4.00          4.00
  1.000    TP  voidaegis                               7.00          7.00          7.00         19.00          4.03          4.23          1.00          0.00         20.12          4.00          7.00
  1.000    TP  steelguardian30                        11.00         11.00         11.00         11.00          3.56          3.53          1.00          0.00         20.12          7.00         11.00
  1.000    TP  toysetirsdag                            5.00          5.00          5.00          5.00          3.33          3.00          2.00          4.00         20.13          5.00          5.00
  1.000    TP  ironrequiempath                         5.00          5.00          5.00          5.00          3.00          3.33          2.00          4.00         20.13          5.00          5.00
  1.000    TP  odinpizzalord                           3.00          4.00          3.00          4.00          4.26          3.66          1.00          0.00         20.14          3.00          3.00
  1.000    TP  sylvester_alejo_1530                    5.00          6.00          4.00         41.00          6.67          6.23          2.00          4.00         19.90          1.00          3.00
  1.000    TP  dabrio_5ue                              5.00          5.00          5.00          5.00          4.01          3.81          1.00          0.00         20.13          5.00          5.00
  1.000    TP  wystormwood                             4.00          4.00          4.00          4.00          5.40          4.30          1.00          0.00         20.14          4.00          4.00
  1.000    TP  donutbeforework                         5.00          5.00          5.00          5.00          3.33          3.00          2.00          4.00         20.13          5.00          5.00
  1.000    TP  luciu2q3werdtf                          5.00          5.00          5.00          5.00          4.41          3.56          1.00          0.00         20.13          5.00          5.00
  1.000    TP  jhleo_6619                              5.00          5.00          5.00          5.00          3.81          3.81          1.00          0.00         20.13          5.00          5.00
  1.000    TP  chrisnightmoor                          4.00          4.00          4.00          4.00          4.73          4.30          1.00          0.00         20.14          4.00          4.00
  1.000    TP  maravenstone                            4.00          4.00          4.00          4.00          4.30          4.73          1.00          0.00         20.14          4.00          4.00
  1.000    TP  domclearfield                           4.00          4.00          4.00          4.00          4.30          5.08          1.00          0.00         20.14          4.00          4.00
  1.000    TP  u553384903                              5.00          5.00          5.00          5.00          3.81          4.01          1.00          0.00         20.13          5.00          5.00
  1.000    TP  u553384725                              5.00          5.00          5.00          5.00          4.01          3.81          1.00          0.00         20.13          5.00          5.00
  1.000    TP  stelprice                               3.00          3.00          3.00          3.00          5.20          5.04          1.00          0.00         20.14          3.00          3.00
  1.000    TP  rtttttttttttttttt44                     5.00          5.00          5.00          5.00          3.81          3.81          1.00          0.00         20.13          5.00          5.00
  1.000    TP  qynaro.37                               3.00          3.00          3.00          3.00          4.03          3.97          1.00          0.00         20.14          3.00          3.00
  1.000    TP  wystanqwedrfgh                          6.00          6.00          6.00          6.00          3.69          3.43          1.00          0.00         20.13          6.00          6.00
  1.000    TP  yarden23we4rt                           6.00          6.00          6.00          6.00          3.99          3.43          1.00          0.00         20.13          6.00          6.00
  1.000    TP  orionwells                              3.00          3.00          3.00          3.00          5.10          5.04          1.00          0.00         20.14          3.00          3.00
  1.000    TP  paxtreed                                3.00          3.00          3.00          3.00          5.04          5.20          1.00          0.00         20.14          3.00          3.00
  1.000    TP  quintvale                               3.00          3.00          3.00          3.00          5.04          5.10          1.00          0.00         20.14          3.00          3.00
  1.000    TP  vallen1234rt                            6.00          6.00          6.00          6.00          3.43          3.69          1.00          0.00         20.13          6.00          6.00
  1.000    TP  hudson123werf                           5.00          5.00          5.00          5.00          4.20          3.56          2.00          5.00         20.13          5.00          5.00
  1.000    TP  xavian12w3rt                            6.00          6.00          6.00          6.00          3.43          3.99          1.00          0.00         20.13          6.00          6.00
  1.000    TP  taylor432                               5.00          5.00          5.00          5.00          4.67          5.94          1.00          0.00         20.12          1.00          5.00
  1.000    TP  tolaza                                  4.00          4.00          4.00          4.00          5.55          6.31          1.00          0.00         20.09          2.00          4.00
  1.000    TP  griffi23wesrdf                          5.00          5.00          5.00          5.00          4.16          3.56          2.00          5.00         20.13          5.00          5.00
  1.000    TP  pastel.wave134                          4.00          4.00          4.00          7.00          3.99          3.40          2.00          4.00         20.14          4.00          4.00
  1.000    TP  sesuna21                                5.00          5.00          5.00          5.00          4.67          5.94          1.00          0.00         20.12          1.00          5.00
  1.000    TP  frostvector78                           4.00          4.00          4.00          7.00          3.97          3.40          2.00          4.00         20.14          4.00          4.00
  1.000    TP  larry_3unice                            4.00          4.00          4.00          5.00          5.79          6.18          2.00          5.00         20.09          2.00          4.00
  1.000    TP  darkecho4                               4.00          4.00          4.00          7.00          3.97          3.40          2.00          4.00         20.14          4.00          4.00
  1.000    TP  backin2002                              4.00          4.00          4.00          4.00          6.31          5.55          1.00          0.00         20.09          2.00          4.00
  1.000    TP  lurunicorn7                             4.00          4.00          4.00          7.00          3.58          3.40          2.00          4.00         20.14          4.00          4.00
  1.000    TP  brooks_callm                            4.00          4.00          4.00          5.00          6.18          5.79          2.00          5.00         20.09          3.00          4.00
  1.000    TP  jorvik2w3er                             5.00          5.00          5.00          5.00          3.56          3.78          2.00          5.00         20.13          5.00          5.00
  1.000    TP  u532601244                              4.00          4.00          4.00          4.00          5.55          5.77          1.00          0.00         20.09          2.00          4.00
  1.000    TP  derp-storm_404                          5.00          5.00          5.00          5.00          6.20          4.08          1.00          0.00         20.12          2.00          5.00
  1.000    TP  kellen23werdt                           5.00          5.00          5.00          5.00          3.56          4.16          2.00          5.00         20.13          5.00          5.00
  1.000    TP  dark.vector                             5.00          5.00          5.00          5.00          4.08          4.82          1.00          0.00         20.12          4.00          5.00
  1.000    TP  sirsnacksalota                          5.00          5.00          5.00          5.00          4.28          4.08          1.00          0.00         20.12          4.00          5.00
  1.000    TP  sweet_guy                               4.00          4.00          4.00          5.00          6.18          5.79          2.00          5.00         20.09          2.00          4.00
  1.000    TP  nightcipherr                            5.00          5.00          5.00          5.00          6.16          4.08          1.00          0.00         20.12          5.00          5.00
  1.000    TP  zatyshnakukhnya                         5.00          5.00          5.00          5.00          4.82          4.08          1.00          0.00         20.12          4.00          5.00
  1.000    TP  zehazeha                                4.00          4.00          4.00          4.00          6.31          5.55          1.00          0.00         20.09          1.00          4.00
  1.000    TP  w1ldsug4r                               4.00          4.00          4.00          5.00          5.79          6.18          2.00          5.00         20.09          2.00          4.00
  1.000    TP  iveron23wesdrf                          5.00          5.00          5.00          5.00          3.78          3.56          2.00          5.00         20.13          5.00          5.00
  1.000    TP  frostvector55                           4.00          4.00          4.00          7.00          3.58          3.40          2.00          4.00         20.14          4.00          4.00
  1.000    TP  vvaterfall_v                            4.00          4.00          4.00          4.00          5.77          5.55          1.00          0.00         20.09          3.00          4.00
  1.000    TP  eduard45678                             5.00          5.00          5.00          5.00          6.63          4.67          1.00          0.00         20.12          1.00          5.00
  1.000    TP  titanvortex21                           4.00          4.00          4.00          4.00          4.53          4.61          1.00          0.00         20.12          4.00          4.00
  1.000    TP  babavtemi                               5.00          5.00          5.00          5.00          4.08          4.28          1.00          0.00         20.12          5.00          5.00
  1.000    TP  muffinpirate3                           4.00          4.00          4.00          4.00          4.53          4.54          1.00          0.00         20.12          4.00          4.00
  1.000    TP  chickenjoe_cookin                       4.00          4.00          4.00          5.00          6.54          5.79          2.00          5.00         20.09          1.00          4.00
  1.000    TP  donutcowboys                            4.00          4.00          4.00          4.00          6.20          4.53          1.00          0.00         20.12          4.00          4.00
  1.000    TP  titanshadow3                            4.00          4.00          4.00          4.00          4.61          4.53          1.00          0.00         20.12          4.00          4.00
  1.000    TP  dykyididko                              4.00          4.00          4.00          4.00          4.54          4.53          1.00          0.00         20.12          4.00          4.00
  1.000    TP  phantomstrike4                          3.00          3.00          3.00          3.00          6.43          4.93          1.00          0.00         20.12          2.00          3.00
  1.000    TP  nordicnugget34                          3.00          3.00          3.00          3.00          4.48          4.11          1.00          0.00         20.14          3.00          3.00
  1.000    TP  stardust.flow1                          5.00          5.00          5.00          5.00          3.95          3.58          1.00          0.00         20.14          5.00          5.00
  1.000    TP  darkecho4                               5.00          5.00          5.00          5.00          3.95          3.58          2.00          4.00         20.14          5.00          5.00
  1.000    TP  frostvector78                           5.00          5.00          5.00          5.00          3.97          3.58          2.00          4.00         20.14          5.00          5.00
  1.000    TP  pastel.wave134                          5.00          5.00          5.00          5.00          3.99          3.58          2.00          4.00         20.14          5.00          5.00
  1.000    TP  lurunicorn7                             5.00          5.00          5.00          5.00          3.58          3.95          2.00          4.00         20.14          5.00          5.00
  1.000    TP  frostvector55                           5.00          5.00          5.00          5.00          3.58          3.95          2.00          4.00         20.14          5.00          5.00

============================================================
False Negatives (n=16) vs True Positives (n=239)
feature                                FN mean    TP mean       diff
  cic_10k_8h                              2.67       5.11      -2.44
  cic_20k_6h                              4.00       5.38      -1.38
  cic_10k_6h                              2.86       4.96      -2.11
  partner_count_8h                       13.60      10.98       2.62
  log_min_id_diff_8h                      8.28       5.37       2.91
  log_min_consec_gap_8h                   5.93       4.66       1.27
  user_model_count                        1.25       1.40      -0.15
  user_max_risk_elsewhere                 1.06       1.67      -0.61
  log_user_id_num                        19.97      20.06      -0.10
  cic_1k_8h                               0.47       2.84      -2.37
  cic_5k_8h                               1.87       4.48      -2.61
