Using device: cuda
Loading full dataset (selected=False)...
  48775 rows
risk_level
No risk      40303
Extreme       6503
Very High     1048
Low            609
High           312

Computing per-user features (GPU pairwise)...
  Precomputing model stats (GPU)...
  Precomputing cross-model stats...
  Precomputing model subscription rates...
Total per-user rows: 48775
Features: 197

=== Very High (multi-view) ===

  [VIEW 1] VH vs No Risk:
    d5-spw38: P=89.97% R=89.03% F1=89.50%
    d5-spw77: P=91.97% R=87.40% F1=89.63%
    d6-spw38: P=92.68% R=86.93% F1=89.71%
    d6-spw77: P=91.64% R=86.83% F1=89.17%
  View1 ensemble F1=89.53%

  [VIEW 2] (VH+Extreme) vs (No Risk+Low+High):
    ord-d5-spw5.5: P=94.48% R=94.78% F1=94.63%
    ord-d6-spw5.5: P=93.44% R=95.66% F1=94.54%
  View2 ordinal done (48775 rows, 7551 pos)

  [VIEW 3] Cascade: Extreme proba → VH feature:
    extreme-d5-spw6: P=95.67% R=97.79% F1=96.71%
    casc-d5-spw38: P=95.52% R=91.51% F1=93.47%
    casc-d6-spw38: P=94.99% R=92.27% F1=93.61%
  View3 cascade F1=93.50%
  View2 ordinal (on VH+NR) F1=80.05%

  Blend sweep (v1, v2, v3):
  Best blend: v1=0.1 v2=0.0 v3=0.9 → F1=93.62%
  Final: P=97.13% R=90.36% F1=93.62% @ 0.896
  Sweep (best blend):
    0.20: P=75.37% R=97.81% F1=85.13%
    0.25: P=77.21% R=97.61% F1=86.22%
    0.30: P=78.87% R=96.85% F1=86.94%
    0.35: P=80.24% R=96.47% F1=87.61%
    0.40: P=81.66% R=95.99% F1=88.25%
    0.45: P=83.43% R=95.61% F1=89.11%
    0.50: P=85.02% R=95.32% F1=89.88%
    0.55: P=85.80% R=95.13% F1=90.23%
    0.60: P=86.89% R=94.85% F1=90.69%
    0.65: P=89.34% R=94.37% F1=91.79%
    0.70: P=91.21% R=94.08% F1=92.63%
    0.75: P=92.35% R=93.32% F1=92.83%
    0.80: P=93.62% R=92.46% F1=93.04%
    0.85: P=95.24% R=91.60% F1=93.39%
    0.90: P=97.11% R=89.89% F1=93.36%

=== Extreme | 6503 pos, 40303 neg ===
  XGB (4 configs × 6 seeds × 8-fold):
    d4-spw6: P=94.84% R=97.72% F1=96.26%
    d5-spw6: P=95.31% R=98.12% F1=96.70%
    d5-spw12: P=95.74% R=97.83% F1=96.78%
    d6-spw6: P=96.23% R=97.36% F1=96.79%
  Final: P=95.61% R=97.74% F1=96.66% @ 0.737
  Sweep:
    0.20: P=88.95% R=99.86% F1=94.09%
    0.25: P=89.80% R=99.77% F1=94.52%
    0.30: P=90.52% R=99.65% F1=94.86%
    0.35: P=91.33% R=99.62% F1=95.29%
    0.40: P=92.00% R=99.45% F1=95.58%
    0.45: P=92.52% R=99.31% F1=95.79%
    0.50: P=93.06% R=99.12% F1=95.99%
    0.55: P=93.58% R=98.92% F1=96.18%
    0.60: P=94.24% R=98.69% F1=96.42%
    0.65: P=94.84% R=98.35% F1=96.57%
    0.70: P=95.26% R=98.05% F1=96.64%
    0.75: P=95.68% R=97.52% F1=96.60%
    0.80: P=96.45% R=96.83% F1=96.64%
    0.85: P=96.94% R=96.00% F1=96.47%
    0.90: P=97.66% R=94.79% F1=96.20%

=== High | 312 pos, 40303 neg ===
  XGB (4 configs × 6 seeds × 8-fold):
    d4-spw129: P=79.00% R=75.96% F1=77.45%
    d5-spw129: P=80.91% R=80.13% F1=80.52%
    d5-spw200: P=82.08% R=80.77% F1=81.42%
    d6-spw129: P=81.47% R=81.73% F1=81.60%
  Final: P=79.69% R=81.73% F1=80.70% @ 0.794
  Sweep:
    0.20: P=44.25% R=94.87% F1=60.35%
    0.25: P=47.50% R=94.23% F1=63.16%
    0.30: P=50.26% R=93.91% F1=65.47%
    0.35: P=52.36% R=92.31% F1=66.82%
    0.40: P=55.51% R=91.99% F1=69.24%
    0.45: P=58.73% R=91.67% F1=71.59%
    0.50: P=61.42% R=91.35% F1=73.45%
    0.55: P=63.62% R=89.10% F1=74.23%
    0.60: P=66.59% R=88.78% F1=76.10%
    0.65: P=70.00% R=87.50% F1=77.78%
    0.70: P=74.09% R=85.26% F1=79.28%
    0.75: P=76.92% R=83.33% F1=80.00%
    0.80: P=79.75% R=80.77% F1=80.25%
    0.85: P=82.43% R=78.21% F1=80.26%
    0.90: P=85.35% R=74.68% F1=79.66%

=== Low | 609 pos, 40303 neg ===
  XGB (4 configs × 6 seeds × 8-fold):
    d4-spw66: P=88.61% R=88.18% F1=88.40%
    d5-spw66: P=89.13% R=88.83% F1=88.98%
    d5-spw132: P=91.68% R=86.86% F1=89.21%
    d6-spw66: P=90.25% R=88.18% F1=89.20%
  Final: P=89.93% R=88.01% F1=88.96% @ 0.905
  Sweep:
    0.20: P=58.01% R=97.54% F1=72.75%
    0.25: P=60.91% R=97.21% F1=74.89%
    0.30: P=64.38% R=97.04% F1=77.41%
    0.35: P=67.70% R=96.72% F1=79.65%
    0.40: P=69.88% R=96.39% F1=81.02%
    0.45: P=71.82% R=95.40% F1=81.95%
    0.50: P=74.97% R=94.91% F1=83.77%
    0.55: P=76.80% R=94.58% F1=84.77%
    0.60: P=79.17% R=94.25% F1=86.06%
    0.65: P=80.91% R=93.92% F1=86.93%
    0.70: P=82.31% R=92.45% F1=87.08%
    0.75: P=83.81% R=91.79% F1=87.62%
    0.80: P=86.14% R=90.80% F1=88.41%
    0.85: P=88.29% R=89.16% F1=88.73%
    0.90: P=89.50% R=88.18% F1=88.83%

============================================================
SUMMARY — v21 multiview, selected=False
============================================================
  Extreme     : F1=96.66% *** ACHIEVED ***
  Very High   : F1=93.62%  gap=1.38%
  High        : F1=80.70%  gap=14.30%
  Low         : F1=88.96%  gap=6.04%
