Using device: cuda
Loading full dataset (selected=False)...
  48775 rows
risk_level
No risk      40303
Extreme       6503
Very High     1048
Low            609
High           312

Computing per-user features (GPU pairwise)...
  Precomputing model stats (GPU)...
  Precomputing cross-model stats...
Total per-user rows: 48775
Features: 122

=== Extreme | 6503 pos, 40303 neg ===
  XGB GPU (6 configs × 6 seeds × 8-fold, native NaN):
    XGB-d3-spw6: P=94.64% R=96.65% F1=95.63%
    XGB-d4-spw5: P=95.78% R=97.26% F1=96.51%
    XGB-d4-spw6: P=95.02% R=97.39% F1=96.19%
    XGB-d5-spw6: P=95.24% R=98.20% F1=96.70%
    XGB-d5-spw12: P=95.23% R=98.32% F1=96.75%
    XGB-d6-spw6: P=96.23% R=97.32% F1=96.77%
  XGB ensemble: P=95.68% R=97.51% F1=96.59%
  Final: P=95.68% R=97.51% F1=96.59% @ 0.759
  Sweep:
    0.20: P=86.80% R=99.91% F1=92.89%
    0.25: P=87.98% R=99.80% F1=93.52%
    0.30: P=89.06% R=99.77% F1=94.11%
    0.35: P=90.03% R=99.66% F1=94.60%
    0.40: P=90.77% R=99.49% F1=94.93%
    0.45: P=91.49% R=99.35% F1=95.26%
    0.50: P=92.24% R=99.22% F1=95.60%
    0.55: P=92.90% R=99.03% F1=95.87%
    0.60: P=93.59% R=98.82% F1=96.13%
    0.65: P=94.19% R=98.49% F1=96.29%
    0.70: P=94.91% R=98.06% F1=96.46%
    0.75: P=95.54% R=97.54% F1=96.53%
    0.80: P=96.12% R=96.86% F1=96.49%
    0.85: P=96.67% R=95.91% F1=96.29%
    0.90: P=97.55% R=94.79% F1=96.15%

=== Very High | 1048 pos, 40303 neg ===
  XGB GPU (6 configs × 8 seeds × 10-fold, native NaN):
    XGB-d3-spw38: P=84.13% R=84.45% F1=84.29%
    XGB-d4-spw19: P=90.04% R=87.12% F1=88.55%
    XGB-d4-spw38: P=88.23% R=86.55% F1=87.38%
    XGB-d5-spw38: P=89.57% R=88.45% F1=89.01%
    XGB-d5-spw77: P=91.92% R=86.83% F1=89.30%
    XGB-d6-spw38: P=91.59% R=87.31% F1=89.40%
  XGB ensemble: P=94.21% R=83.87% F1=88.74%
  MLP GPU (2 configs × 3 seeds × 10-fold, 100ep):
    MLP[128, 64]: P=82.45% R=75.76% F1=78.97%
    MLP[64, 32]: P=80.79% R=74.62% F1=77.58%
  Final: P=94.21% R=83.87% F1=88.74% @ 0.926
  Sweep:
    0.20: P=51.89% R=98.47% F1=67.96%
    0.25: P=55.53% R=98.19% F1=70.94%
    0.30: P=58.91% R=97.81% F1=73.53%
    0.35: P=62.47% R=97.52% F1=76.15%
    0.40: P=65.28% R=97.04% F1=78.05%
    0.45: P=67.61% R=96.18% F1=79.40%
    0.50: P=69.87% R=95.13% F1=80.57%
    0.55: P=72.54% R=95.04% F1=82.28%
    0.60: P=75.57% R=94.18% F1=83.86%
    0.65: P=78.70% R=93.80% F1=85.59%
    0.70: P=80.98% R=92.65% F1=86.43%
    0.75: P=83.54% R=91.51% F1=87.34%
    0.80: P=86.14% R=90.17% F1=88.11%
    0.85: P=88.22% R=88.65% F1=88.43%
    0.90: P=91.24% R=85.50% F1=88.28%

=== High | 312 pos, 40303 neg ===
  XGB GPU (6 configs × 6 seeds × 8-fold, native NaN):
    XGB-d3-spw129: P=63.84% R=72.44% F1=67.87%
    XGB-d4-spw65: P=82.33% R=79.17% F1=80.72%
    XGB-d4-spw129: P=81.18% R=74.68% F1=77.80%
    XGB-d5-spw129: P=79.32% R=82.37% F1=80.82%
    XGB-d5-spw200: P=84.67% R=77.88% F1=81.14%
    XGB-d6-spw129: P=85.61% R=78.21% F1=81.74%
  XGB ensemble: P=81.64% R=79.81% F1=80.71%
  Final: P=81.64% R=79.81% F1=80.71% @ 0.832
  Sweep:
    0.20: P=33.41% R=95.19% F1=49.46%
    0.25: P=37.60% R=94.23% F1=53.75%
    0.30: P=42.46% R=93.91% F1=58.48%
    0.35: P=46.34% R=93.27% F1=61.91%
    0.40: P=50.26% R=92.31% F1=65.08%
    0.45: P=53.96% R=91.67% F1=67.93%
    0.50: P=58.02% R=90.38% F1=70.68%
    0.55: P=61.32% R=89.42% F1=72.75%
    0.60: P=65.56% R=88.46% F1=75.31%
    0.65: P=68.26% R=86.86% F1=76.45%
    0.70: P=71.89% R=85.26% F1=78.01%
    0.75: P=74.93% R=83.33% F1=78.91%
    0.80: P=77.54% R=80.77% F1=79.12%
    0.85: P=83.16% R=77.56% F1=80.27%
    0.90: P=88.03% R=73.08% F1=79.86%

=== Low | 609 pos, 40303 neg ===
  XGB GPU (6 configs × 6 seeds × 8-fold, native NaN):
    XGB-d3-spw66: P=72.35% R=77.34% F1=74.76%
    XGB-d4-spw33: P=89.08% R=85.71% F1=87.36%
    XGB-d4-spw66: P=88.83% R=82.27% F1=85.42%
    XGB-d5-spw66: P=90.62% R=85.71% F1=88.10%
    XGB-d5-spw132: P=89.59% R=86.21% F1=87.87%
    XGB-d6-spw66: P=87.85% R=87.85% F1=87.85%
  XGB ensemble: P=89.37% R=85.55% F1=87.42%
  Final: P=89.37% R=85.55% F1=87.42% @ 0.899
  Sweep:
    0.20: P=43.26% R=98.03% F1=60.03%
    0.25: P=48.06% R=97.70% F1=64.43%
    0.30: P=52.29% R=97.37% F1=68.04%
    0.35: P=56.39% R=97.04% F1=71.33%
    0.40: P=60.18% R=96.55% F1=74.15%
    0.45: P=62.46% R=95.89% F1=75.65%
    0.50: P=66.21% R=95.57% F1=78.23%
    0.55: P=69.14% R=94.91% F1=80.00%
    0.60: P=71.86% R=93.92% F1=81.42%
    0.65: P=75.33% R=93.27% F1=83.35%
    0.70: P=77.84% R=92.28% F1=84.45%
    0.75: P=80.35% R=91.30% F1=85.47%
    0.80: P=83.38% R=89.82% F1=86.48%
    0.85: P=86.04% R=88.01% F1=87.01%
    0.90: P=89.33% R=85.22% F1=87.23%

============================================================
SUMMARY — v18 GPU, selected=False
============================================================
  Extreme     : F1=96.59% *** ACHIEVED ***
  Very High   : F1=88.74%  gap=6.26%
  High        : F1=80.71%  gap=14.29%
  Low         : F1=87.42%  gap=7.58%
