  Precomputing model stats...
  Precomputing cross-model stats...
  Computing cross-model close-ID features...
Total rows: 12572
Dataset: 355 positives, 9716 negatives, 122 features

=== Base ensemble: 10 configs × 8 seeds × 15-fold OOF ===
  Done: HGB-d4
  Done: HGB-d6
  Done: HGB-d3
  Done: HGB-d5a
  Done: HGB-d5b
  Done: HGB-mln31
  Done: HGB-mln15
  Done: XGB-spw3
  Done: XGB-spw5
  Done: XGB-spw10

Mean ensemble (threshold=0.354): P=96.10% R=97.18% F1=96.64%
Stacked (threshold=0.987):     P=96.88% R=96.06% F1=96.46%

Threshold sweep (stacked):
   thresh  precision  recall      f1
     0.30     89.66%  97.75%  93.53%
     0.35     90.81%  97.46%  94.02%
     0.40     91.03%  97.18%  94.01%
     0.45     91.27%  97.18%  94.13%
     0.50     92.25%  97.18%  94.65%
     0.55     93.24%  97.18%  95.17%
     0.60     94.26%  97.18%  95.70%
     0.65     94.78%  97.18%  95.97%
     0.70     95.04%  97.18%  96.10%
     0.75     95.57%  97.18%  96.37%
     0.80     95.56%  96.90%  96.22%
     0.85     95.80%  96.34%  96.07%
     0.90     96.34%  96.34%  96.34%

Top-15 feature importances (XGB):
  cic_10k_7h                                    0.4511
  cic_20k_6h                                    0.1193
  cic_50k_6h                                    0.0711
  log_min_id_diff_12h                           0.0370
  cic_100k_6h                                   0.0256
  cic_frac_100k_6h                              0.0244
  cic_50k_336h                                  0.0160
  log_min_consec_gap_12h                        0.0146
  log_id_span_10h                               0.0099
  cic_frac_20k_10h                              0.0087
  user_model_count                              0.0079
  cic_100k_1h                                   0.0079
  cic_frac_100k_12h                             0.0074
  cic_20k_7h                                    0.0071
  cic_100k_8h                                   0.0071

============================================================
SUMMARY
============================================================
  v5 best:                                93.28%
  Mean ensemble F1:                       96.64%
  Stacked F1:                             96.46%
  Best F1:                                96.64%
  vs v5: +3.36%

*** GOAL ACHIEVED: F1=96.64% >= 95% ***
