Using device: cuda
Loading full dataset (selected=False)...
  48775 rows
risk_level
No risk      40303
Extreme       6503
Very High     1048
Low            609
High           312

Computing per-user features (GPU pairwise)...
  Precomputing model stats (GPU)...
  Precomputing cross-model stats...
Total per-user rows: 48775
Features: 102

=== Extreme | 6503 pos, 40303 neg ===
  XGB GPU: 5 configs × 6 seeds × 8-fold
    XGB-d3-spw6: P=94.75% R=96.31% F1=95.52%
    XGB-d4-spw6: P=95.34% R=96.85% F1=96.09%
    XGB-d4-spw12: P=95.11% R=97.79% F1=96.43%
    XGB-d5-spw6: P=94.95% R=98.23% F1=96.56%
    XGB-d6-spw6: P=95.62% R=97.45% F1=96.53%
  Final: P=95.83% R=96.88% F1=96.35% @ 0.815
  Threshold sweep:
    0.20: P=85.84% R=99.89% F1=92.33%
    0.25: P=86.90% R=99.85% F1=92.92%
    0.30: P=87.79% R=99.82% F1=93.42%
    0.35: P=88.68% R=99.74% F1=93.88%
    0.40: P=89.63% R=99.66% F1=94.38%
    0.45: P=90.49% R=99.49% F1=94.78%
    0.50: P=91.20% R=99.32% F1=95.09%
    0.55: P=92.09% R=99.15% F1=95.49%
    0.60: P=92.84% R=98.94% F1=95.79%
    0.65: P=93.51% R=98.66% F1=96.02%
    0.70: P=94.37% R=98.25% F1=96.27%
    0.75: P=95.01% R=97.69% F1=96.33%
    0.80: P=95.63% R=96.97% F1=96.30%
    0.85: P=96.32% R=96.23% F1=96.28%
    0.90: P=97.06% R=94.88% F1=95.96%

=== Very High | 1048 pos, 40303 neg ===
  XGB GPU: 5 configs × 6 seeds × 8-fold
    XGB-d3-spw38: P=78.92% R=85.40% F1=82.03%
    XGB-d4-spw38: P=90.01% R=83.40% F1=86.58%
    XGB-d4-spw77: P=91.16% R=83.59% F1=87.21%
    XGB-d5-spw38: P=91.21% R=85.11% F1=88.06%
    XGB-d6-spw38: P=90.41% R=85.50% F1=87.89%
  MLP GPU: 2 configs × 3 seeds × 8-fold, 80 epochs
    MLP[128, 64]: P=78.40% R=78.63% F1=78.51%
    MLP[64, 32]: P=79.75% R=72.90% F1=76.17%
  Final: P=91.93% R=83.68% F1=87.61% @ 0.929
  Threshold sweep:
    0.20: P=48.50% R=98.95% F1=65.10%
    0.25: P=50.91% R=98.57% F1=67.14%
    0.30: P=53.14% R=98.38% F1=69.01%
    0.35: P=56.10% R=97.90% F1=71.32%
    0.40: P=58.69% R=97.33% F1=73.22%
    0.45: P=61.43% R=96.95% F1=75.20%
    0.50: P=64.25% R=96.56% F1=77.16%
    0.55: P=66.31% R=95.61% F1=78.31%
    0.60: P=68.72% R=94.94% F1=79.73%
    0.65: P=71.89% R=94.18% F1=81.54%
    0.70: P=74.90% R=93.42% F1=83.14%
    0.75: P=77.54% R=91.89% F1=84.10%
    0.80: P=80.75% R=90.08% F1=85.16%
    0.85: P=85.07% R=88.65% F1=86.82%
    0.90: P=88.72% R=85.59% F1=87.13%

=== High | 312 pos, 40303 neg ===
  XGB GPU: 5 configs × 6 seeds × 8-fold
    XGB-d3-spw129: P=60.73% R=68.91% F1=64.56%
    XGB-d4-spw129: P=79.36% R=71.47% F1=75.21%
    XGB-d4-spw258: P=80.76% R=75.32% F1=77.94%
    XGB-d5-spw129: P=82.21% R=78.53% F1=80.33%
    XGB-d6-spw129: P=84.73% R=74.68% F1=79.39%
  Final: P=82.64% R=76.28% F1=79.33% @ 0.891
  Threshold sweep:
    0.20: P=26.08% R=96.79% F1=41.09%
    0.25: P=29.63% R=95.83% F1=45.27%
    0.30: P=33.48% R=94.55% F1=49.46%
    0.35: P=36.98% R=93.27% F1=52.96%
    0.40: P=42.03% R=92.95% F1=57.88%
    0.45: P=45.79% R=92.31% F1=61.21%
    0.50: P=48.14% R=91.03% F1=62.97%
    0.55: P=50.36% R=89.10% F1=64.35%
    0.60: P=54.44% R=88.46% F1=67.40%
    0.65: P=58.12% R=87.18% F1=69.74%
    0.70: P=63.25% R=84.94% F1=72.50%
    0.75: P=67.36% R=83.33% F1=74.50%
    0.80: P=70.56% R=81.41% F1=75.60%
    0.85: P=74.63% R=80.13% F1=77.28%
    0.90: P=82.69% R=75.00% F1=78.66%

=== Low | 609 pos, 40303 neg ===
  XGB GPU: 5 configs × 6 seeds × 8-fold
    XGB-d3-spw66: P=66.57% R=76.52% F1=71.20%
    XGB-d4-spw66: P=86.84% R=78.00% F1=82.18%
    XGB-d4-spw132: P=86.33% R=86.04% F1=86.18%
    XGB-d5-spw66: P=85.00% R=89.33% F1=87.11%
    XGB-d6-spw66: P=90.05% R=83.25% F1=86.52%
  Final: P=86.86% R=85.71% F1=86.28% @ 0.907
  Threshold sweep:
    0.20: P=35.71% R=98.69% F1=52.44%
    0.25: P=39.73% R=97.87% F1=56.52%
    0.30: P=43.00% R=97.37% F1=59.66%
    0.35: P=46.18% R=97.21% F1=62.61%
    0.40: P=49.66% R=96.55% F1=65.59%
    0.45: P=53.18% R=96.22% F1=68.50%
    0.50: P=57.06% R=96.22% F1=71.64%
    0.55: P=61.01% R=95.57% F1=74.47%
    0.60: P=63.63% R=95.07% F1=76.23%
    0.65: P=66.71% R=94.42% F1=78.18%
    0.70: P=70.18% R=93.92% F1=80.34%
    0.75: P=73.66% R=92.28% F1=81.92%
    0.80: P=76.67% R=90.64% F1=83.07%
    0.85: P=81.07% R=89.33% F1=85.00%
    0.90: P=85.64% R=86.21% F1=85.92%

============================================================
SUMMARY — GPU classifier, selected=False
============================================================
  Extreme     : F1=96.35% *** ACHIEVED ***
  Very High   : F1=87.61%  gap=7.39%
  High        : F1=79.33%  gap=15.67%
  Low         : F1=86.28%  gap=8.72%
