Loading full dataset (selected=False)...
  48775 rows
risk_level
No risk      40303
Extreme       6503
Very High     1048
Low            609
High           312

Computing per-user features (CPU multiprocessing)...
  Precomputing model norisk medians (vectorized CPU)...
/workspace/autoresearch/classifier_v1_cpu.py:286: RuntimeWarning: All-NaN slice encountered
  row_mins = np.nanmin(dd, axis=1)
  Precomputing model rates and risk fractions...
  Precomputing cross-model user stats...
  Dispatching 1119 model groups to 8 workers...
Total per-user rows: 48775
Features: 206

=== Step 1: Cascade OOF probas ===
  Extreme:
    E-nl63-spw6: P=96.19% R=98.31% F1=97.24%
    E-nl63-spw12: P=96.24% R=98.29% F1=97.25%
  High:
    H-nl63-spw129: P=86.24% R=82.37% F1=84.26%
  Low:
    L-nl63-spw66: P=92.23% R=89.66% F1=90.92%
  Ordinal (VH+Extreme vs rest):
    ORD-nl63-spw5: P=95.03% R=96.07% F1=95.55%
  Cascade done.

=== Step 2: Very High + 4 cascade features ===
  1048 pos, 40303 neg  spw=38.5
  Augmented feature count: 210
  VH LGB (20 seeds × 12-fold):
    LGB-nl127-spw38: P=95.55% R=94.18% F1=94.86%
    LGB-nl255-spw38: P=95.91% R=93.89% F1=94.89%
  VH blend: P=96.44% R=93.13% F1=94.76% @ 0.670
  Best VH F1: 94.89%

=== Extreme ===
  6503 pos, 40303 neg  spw=6.2
    nl127-spw6: P=97.16% R=97.45% F1=97.31%
    nl63-spw12: P=96.62% R=98.00% F1=97.31%
  Final: P=96.72% R=97.91% F1=97.31%

=== High ===
  312 pos, 40303 neg  spw=129.2
    nl127-spw129: P=88.46% R=81.09% F1=84.62%
    nl63-spw200: P=89.20% R=82.05% F1=85.48%
  Final: P=88.36% R=82.69% F1=85.43%

=== Low ===
  609 pos, 40303 neg  spw=66.2
    nl127-spw66: P=90.11% R=91.30% F1=90.70%
    nl63-spw132: P=90.86% R=91.46% F1=91.16%
  Final: P=90.55% R=91.30% F1=90.92%

============================================================
SUMMARY — v1_cpu (LGB-only, numpy, multiprocessing)
============================================================
  Extreme     : F1=97.31% *** ACHIEVED ***
  Very High   : F1=94.89%  gap=0.11%
  High        : F1=85.43%  gap=9.57%
  Low         : F1=90.92%  gap=4.08%
