Using device: cuda
Loading full dataset (selected=False)...
  48775 rows
risk_level
No risk      40303
Extreme       6503
Very High     1048
Low            609
High           312

Computing per-user features (GPU pairwise)...
  Precomputing model stats (GPU)...
  Precomputing cross-model stats...
  Precomputing model subscription rates...
Total per-user rows: 48775
Features: 197

=== Step 1: Build cascade OOF probas ===
  Extreme OOF (8 seeds × 10-fold):
    E-d5-spw6: P=95.95% R=97.62% F1=96.78%
    E-d5-spw12: P=96.12% R=97.57% F1=96.84%
    E-d6-spw6: P=96.15% R=97.65% F1=96.89%
  Extreme OOF done (range: 0.000-1.000)
  High OOF (6 seeds × 8-fold):
    H-d5-spw129: P=81.09% R=81.09% F1=81.09%
    H-d6-spw129: P=81.47% R=81.73% F1=81.60%
  High OOF done.
  Low OOF (6 seeds × 8-fold):
    L-d5-spw66: P=89.26% R=88.67% F1=88.96%
    L-d6-spw66: P=92.28% R=86.37% F1=89.23%
  Low OOF done.

=== Step 2: Very High + cascade features ===
  1048 pos, 40303 neg
  Cascade stats — Extreme: mean=0.022 p99=0.953
                  High:    mean=0.010    Low: mean=0.015
  VH cascade: 6 configs × 12 seeds × 12-fold:
    VH-d5-spw38: P=95.54% R=94.08% F1=94.81%
    VH-d5-spw77: P=95.80% R=93.51% F1=94.64%
    VH-d6-spw38: P=95.89% R=93.51% F1=94.69%
    VH-d6-spw77: P=96.71% R=92.65% F1=94.64%
    VH-d5-spw38-cs06: P=95.53% R=93.80% F1=94.66%
    VH-d7-spw38: P=95.44% R=93.89% F1=94.66%

  VH final: P=96.71% R=92.56% F1=94.59% @ 0.860

  Sweep:
    0.20: P=78.37% R=98.19% F1=87.17%
    0.22: P=79.23% R=97.90% F1=87.58%
    0.24: P=79.84% R=97.90% F1=87.96%
    0.26: P=80.38% R=97.71% F1=88.20%
    0.28: P=81.21% R=97.71% F1=88.70%
    0.30: P=81.85% R=97.71% F1=89.08%
    0.32: P=82.50% R=97.61% F1=89.42%
    0.34: P=83.28% R=97.42% F1=89.80%
    0.36: P=83.95% R=97.33% F1=90.15%
    0.38: P=84.55% R=97.14% F1=90.41%
    0.40: P=85.47% R=97.14% F1=90.93%
    0.42: P=86.30% R=96.76% F1=91.23%
    0.44: P=86.43% R=96.66% F1=91.26%
    0.46: P=86.94% R=96.56% F1=91.50%
    0.48: P=87.53% R=96.47% F1=91.78%
    0.50: P=87.76% R=96.47% F1=91.91%
    0.52: P=88.11% R=96.18% F1=91.97%
    0.54: P=88.50% R=96.18% F1=92.18%
    0.56: P=89.05% R=96.18% F1=92.48%
    0.58: P=89.41% R=95.90% F1=92.54%
    0.60: P=89.88% R=95.80% F1=92.75%
    0.62: P=90.34% R=95.52% F1=92.86%
    0.64: P=90.90% R=95.32% F1=93.06%
    0.66: P=91.22% R=95.23% F1=93.18%
    0.68: P=91.89% R=95.13% F1=93.48%
    0.70: P=92.12% R=94.85% F1=93.46%
    0.72: P=92.62% R=94.66% F1=93.63%
    0.74: P=93.48% R=94.37% F1=93.92%
    0.76: P=94.10% R=94.27% F1=94.18%
    0.78: P=94.63% R=94.18% F1=94.40%
    0.80: P=95.25% R=93.70% F1=94.47%
    0.82: P=95.60% R=93.32% F1=94.45%
    0.84: P=96.15% R=92.94% F1=94.52%
    0.86: P=96.71% R=92.46% F1=94.54%
    0.88: P=97.17% R=91.89% F1=94.46%
    0.90: P=97.45% R=91.13% F1=94.18%
    0.92: P=98.03% R=90.36% F1=94.04%
    0.94: P=98.63% R=89.22% F1=93.69%
    0.96: P=98.93% R=88.07% F1=93.19%

=== Extreme ===
  6503 pos, 40303 neg
    d5-spw6: P=96.55% R=96.86% F1=96.71%
    d5-spw12: P=95.98% R=97.54% F1=96.75%
    d6-spw6: P=96.24% R=97.34% F1=96.79%
  Final: P=96.40% R=97.09% F1=96.74%

=== High ===
  312 pos, 40303 neg
    d5-spw129: P=81.09% R=81.09% F1=81.09%
    d5-spw200: P=79.51% R=83.33% F1=81.38%
    d6-spw129: P=81.47% R=81.73% F1=81.60%
  Final: P=80.31% R=82.37% F1=81.33%

=== Low ===
  609 pos, 40303 neg
    d5-spw66: P=89.26% R=88.67% F1=88.96%
    d5-spw132: P=92.74% R=86.04% F1=89.27%
    d6-spw66: P=92.28% R=86.37% F1=89.23%
  Final: P=90.08% R=88.01% F1=89.04%

============================================================
SUMMARY — v22 cascade+, selected=False
============================================================
  Extreme     : F1=96.74% *** ACHIEVED ***
  Very High   : F1=94.59%  gap=0.41%
  High        : F1=81.33%  gap=13.67%
  Low         : F1=89.04%  gap=5.96%
