Using device: cuda
Loading full dataset (selected=False)...
  48775 rows
risk_level
No risk      40303
Extreme       6503
Very High     1048
Low            609
High           312

Computing per-user features (GPU pairwise)...
  Precomputing model stats (GPU)...
  Precomputing cross-model stats...
  Precomputing model subscription rates...
Total per-user rows: 48775
Features: 197

=== Extreme | 6503 pos, 40303 neg ===
  L1: 8 configs × 6 seeds × 8-fold:
    d4-spw5-cs06: P=95.01% R=98.15% F1=96.56%
    d4-spw6: P=94.97% R=97.59% F1=96.26%
    d5-spw6-cs07: P=96.52% R=96.94% F1=96.73%
    d5-spw6: P=96.52% R=96.89% F1=96.71%
    d5-spw12-cs06: P=95.62% R=97.97% F1=96.78%
    d6-spw6: P=96.39% R=97.23% F1=96.81%
    d6-spw12-g01: P=95.74% R=97.54% F1=96.63%
    d4-spw6-mcw3: P=94.89% R=97.63% F1=96.24%
  Mean ensemble: F1=96.63%
  Wtd ensemble:  F1=96.63%
  LR meta:       F1=96.68%
  XGB meta+feat: F1=96.72%
  Final: P=96.77% R=96.68% F1=96.72% @ 0.865
  Sweep:
    0.20: P=89.34% R=99.83% F1=94.29%
    0.25: P=89.68% R=99.77% F1=94.45%
    0.30: P=90.20% R=99.69% F1=94.71%
    0.35: P=90.78% R=99.66% F1=95.02%
    0.40: P=91.26% R=99.60% F1=95.25%
    0.45: P=91.61% R=99.57% F1=95.42%
    0.50: P=91.99% R=99.49% F1=95.60%
    0.55: P=92.55% R=99.37% F1=95.84%
    0.60: P=92.95% R=99.15% F1=95.95%
    0.65: P=93.65% R=98.91% F1=96.21%
    0.70: P=94.38% R=98.69% F1=96.49%
    0.75: P=94.78% R=98.55% F1=96.63%
    0.80: P=95.02% R=98.22% F1=96.59%
    0.85: P=96.19% R=97.06% F1=96.62%
    0.90: P=97.30% R=95.97% F1=96.63%

=== Very High | 1048 pos, 40303 neg ===
  L1: 8 configs × 10 seeds × 10-fold:
    d4-spw19-cs06: P=91.05% R=87.40% F1=89.19%
    d4-spw38: P=90.72% R=85.78% F1=88.18%
    d5-spw38-cs07: P=91.20% R=87.98% F1=89.56%
    d5-spw38: P=91.60% R=87.40% F1=89.45%
    d5-spw77-cs06: P=90.98% R=88.55% F1=89.75%
    d6-spw38: P=91.21% R=88.17% F1=89.67%
    d6-spw77-g01: P=91.82% R=86.74% F1=89.21%
    d4-spw38-mcw3: P=91.68% R=85.21% F1=88.33%
  Mean ensemble: F1=89.18%
  Wtd ensemble:  F1=89.18%
  LR meta:       F1=88.59%
  XGB meta+feat: F1=89.28%
  Final: P=93.06% R=85.78% F1=89.28% @ 0.975
  Sweep:
    0.20: P=50.78% R=99.14% F1=67.16%
    0.25: P=52.32% R=99.14% F1=68.49%
    0.30: P=54.04% R=98.85% F1=69.88%
    0.35: P=55.60% R=98.57% F1=71.09%
    0.40: P=57.25% R=98.00% F1=72.27%
    0.45: P=59.04% R=97.52% F1=73.55%
    0.50: P=60.91% R=97.52% F1=74.98%
    0.55: P=63.17% R=97.04% F1=76.52%
    0.60: P=64.96% R=96.56% F1=77.67%
    0.65: P=67.09% R=96.09% F1=79.01%
    0.70: P=69.68% R=95.61% F1=80.61%
    0.75: P=72.40% R=94.85% F1=82.11%
    0.80: P=75.54% R=94.27% F1=83.87%
    0.85: P=78.49% R=93.32% F1=85.27%
    0.90: P=82.04% R=91.98% F1=86.73%

=== High | 312 pos, 40303 neg ===
  L1: 8 configs × 6 seeds × 8-fold:
    d4-spw65-cs06: P=78.85% R=83.65% F1=81.18%
    d4-spw129: P=77.92% R=76.92% F1=77.42%
    d5-spw129-cs07: P=81.47% R=81.73% F1=81.60%
    d5-spw129: P=81.21% R=81.73% F1=81.47%
    d5-spw200-cs06: P=81.50% R=83.33% F1=82.41%
    d6-spw129: P=81.88% R=81.09% F1=81.48%
    d6-spw200-g01: P=84.81% R=76.92% F1=80.67%
    d4-spw129-mcw3: P=78.74% R=75.96% F1=77.32%
  Mean ensemble: F1=80.72%
  Wtd ensemble:  F1=80.80%
  LR meta:       F1=77.78%
  XGB meta+feat: F1=81.47%
  Final: P=81.21% R=81.73% F1=81.47% @ 0.985
  Sweep:
    0.20: P=28.33% R=95.51% F1=43.70%
    0.25: P=31.84% R=95.51% F1=47.76%
    0.30: P=34.94% R=95.19% F1=51.12%
    0.35: P=38.13% R=94.23% F1=54.29%
    0.40: P=40.47% R=93.27% F1=56.45%
    0.45: P=42.52% R=92.95% F1=58.35%
    0.50: P=45.45% R=92.95% F1=61.05%
    0.55: P=48.09% R=92.95% F1=63.39%
    0.60: P=50.35% R=92.95% F1=65.32%
    0.65: P=52.93% R=92.63% F1=67.37%
    0.70: P=54.10% R=91.03% F1=67.86%
    0.75: P=56.24% R=91.03% F1=69.52%
    0.80: P=58.23% R=90.71% F1=70.93%
    0.85: P=60.65% R=90.38% F1=72.59%
    0.90: P=62.90% R=89.10% F1=73.74%

=== Low | 609 pos, 40303 neg ===
  L1: 8 configs × 6 seeds × 8-fold:
    d4-spw33-cs06: P=90.78% R=87.36% F1=89.04%
    d4-spw66: P=88.76% R=88.18% F1=88.47%
    d5-spw66-cs07: P=89.13% R=88.83% F1=88.98%
    d5-spw66: P=91.65% R=86.54% F1=89.02%
    d5-spw132-cs06: P=90.82% R=87.68% F1=89.22%
    d6-spw66: P=90.42% R=88.34% F1=89.37%
    d6-spw132-g01: P=90.32% R=87.36% F1=88.81%
    d4-spw66-mcw3: P=87.48% R=88.34% F1=87.91%
  Mean ensemble: F1=88.96%
  Wtd ensemble:  F1=88.96%
  LR meta:       F1=88.95%
  XGB meta+feat: F1=87.68%
  Final: P=90.63% R=87.36% F1=88.96% @ 0.914
  Sweep:
    0.20: P=56.39% R=97.87% F1=71.55%
    0.25: P=59.52% R=97.54% F1=73.93%
    0.30: P=62.08% R=97.04% F1=75.72%
    0.35: P=65.92% R=96.88% F1=78.46%
    0.40: P=68.34% R=96.39% F1=79.97%
    0.45: P=70.58% R=95.73% F1=81.25%
    0.50: P=73.48% R=95.07% F1=82.89%
    0.55: P=75.52% R=94.75% F1=84.05%
    0.60: P=77.28% R=94.42% F1=85.00%
    0.65: P=79.72% R=93.60% F1=86.10%
    0.70: P=81.67% R=92.94% F1=86.94%
    0.75: P=83.26% R=92.28% F1=87.54%
    0.80: P=85.38% R=91.13% F1=88.17%
    0.85: P=87.46% R=89.33% F1=88.38%
    0.90: P=89.48% R=88.01% F1=88.74%

============================================================
SUMMARY — v20 GPU stacking, selected=False
============================================================
  Extreme     : F1=96.72% *** ACHIEVED ***
  Very High   : F1=89.28%  gap=5.72%
  High        : F1=81.47%  gap=13.53%
  Low         : F1=88.96%  gap=6.04%
