  Precomputing model stats...
  Precomputing cross-model stats...
Total rows: 11326
Dataset: 255 positives, 8941 negatives, 178 features

=== Ensemble: 10 configs × 8 seeds × 15-fold OOF ===
  Done: HGB-d4
  Done: HGB-d6
  Done: HGB-d3
  Done: HGB-d5a
  Done: HGB-d5b
  Done: HGB-mln31
  Done: HGB-mln15
  Done: XGB-spw3
  Done: XGB-spw5
  Done: XGB-spw10

============================================================
Ensemble (10 configs, opt threshold=0.461):
  Precision: 91.35%  Recall: 95.29%  F1: 93.28%

Threshold sweep:
   thresh  precision  recall      f1
     0.30     87.46%  95.69%  91.39%
     0.35     89.05%  95.69%  92.25%
     0.40     90.37%  95.69%  92.95%
     0.45     91.01%  95.29%  93.10%
     0.50     91.29%  94.51%  92.87%
     0.55     91.22%  93.73%  92.46%
     0.60     91.86%  92.94%  92.40%
     0.65     92.19%  92.55%  92.37%
     0.70     92.52%  92.16%  92.34%
     0.75     93.98%  91.76%  92.86%
     0.80     95.08%  90.98%  92.99%
     0.85     95.80%  89.41%  92.49%
     0.90     96.12%  87.45%  91.58%

Top-15 feature importances (XGB):
  cic_10k_8h                               0.4227
  cic_20k_6h                               0.1603
  cic_100k_6h                              0.0737
  cic_50k_6h                               0.0331
  cic_frac_100k_10h                        0.0327
  cic_frac_100k_6h                         0.0131
  log_min_id_diff_10h                      0.0123
  cic_frac_50k_6h                          0.0122
  cic_50k_336h                             0.0117
  log_id_span_10h                          0.0101
  cic_100k_1h                              0.0094
  cic_5k_672h                              0.0075
  log_min_consec_gap_12h                   0.0067
  cic_1k_24h                               0.0064
  cic_1k_672h                              0.0062

============================================================
SUMMARY
============================================================
  v4 best (finer windows + ID ranges):   92.49%
  This script F1:                        93.28%
  vs v4: +0.79%

  Above 92%! Gap to 95%: 1.72%
