  Precomputing model stats...
  Precomputing cross-model stats...
Total rows: 11326
Dataset: 255 positives, 8941 negatives, 63 features

=== Ensemble: 10 configs × 8 seeds × 10-fold OOF ===
  Done: HGB-d4
  Done: HGB-d6
  Done: HGB-d3
  Done: HGB-d5a
  Done: HGB-d5b
  Done: HGB-mln31
  Done: HGB-mln15
  Done: XGB-spw3
  Done: XGB-spw5
  Done: XGB-spw10

============================================================
Ensemble (10 configs, opt threshold=0.673):
  Precision: 93.23%  Recall: 91.76%  F1: 92.49%

Threshold sweep:
   thresh  precision  recall      f1
     0.30     83.79%  95.29%  89.17%
     0.35     85.56%  95.29%  90.17%
     0.40     87.32%  94.51%  90.77%
     0.45     88.24%  94.12%  91.08%
     0.50     90.15%  93.33%  91.71%
     0.55     90.42%  92.55%  91.47%
     0.60     91.76%  91.76%  91.76%
     0.65     92.49%  91.76%  92.13%
     0.70     93.15%  90.59%  91.85%
     0.75     93.50%  90.20%  91.82%
     0.80     94.54%  88.24%  91.28%
     0.85     95.24%  86.27%  90.53%
     0.90     96.40%  83.92%  89.73%

Top-15 feature importances (XGB):
  cic50k_6h                           0.2864
  cic10k_12h                          0.2043
  cic10k_6h                           0.1999
  cic_frac_12h                        0.0449
  close_id_count_6h                   0.0328
  log_min_id_diff_12h                 0.0191
  cic50k_336h                         0.0162
  cic_ratio_1h_4h                     0.0140
  cic_ratio_4h_24h                    0.0099
  user_model_count                    0.0094
  cic50k_168h                         0.0072
  partner_count_6h                    0.0066
  cic10k_4h                           0.0062
  cic_frac_6h                         0.0062
  close_id_count_2h                   0.0055

============================================================
SUMMARY
============================================================
  Previous best (classifier_improved.py):   91.82%
  This script F1:                           92.49%
  vs previous best: +0.67%

  92% target exceeded! Gap to 95%: 2.51%
