Loading dataset (selected=False)...
  48775 rows

Computing features...
  Norisk medians (vectorized CPU)...
E:\work\OF\v2_v3_cpu\autoresearch\classifier_v2_cpu_predict.py:289: RuntimeWarning: All-NaN slice encountered
  row_mins = np.nanmin(dd, axis=1)
  Model rates and risk fractions...
  Cross-model user stats...
  Dispatching 1119 model groups to 8 workers...
  206 features, 48775 users

=== Cascade ===
  Extreme...
    E-nl127-spw6: P=97.04% R=97.65% F1=97.34%
    E-nl127-spw12: P=96.92% R=97.74% F1=97.33%
  High...
    H-nl127-spw129: P=88.97% R=80.13% F1=84.32%
  Low...
    L-nl127-spw66: P=91.92% R=89.66% F1=90.77%
  Ordinal...
    ORD-nl127-spw5: P=94.47% R=96.87% F1=95.66%

=== Very High (20s x 15-fold) ===
  1048 pos, 40303 neg  spw=38.5  feats=210
    LGB-nl127-spw38: P=96.10% R=94.08% F1=95.08%
    LGB-nl63-spw38: P=96.28% R=93.80% F1=95.02%
  VH threshold (OOF best-F1): 0.5006
  Training final VH model on full data...

Saving models to models_cpu/...
  Done.
