  Precomputing model stats...
  Precomputing cross-model stats...
Total rows: 11326 (should be 11326)
Dataset: 255 positives, 8941 negatives, 134 features

=== Base ensemble: 10 configs × 8 seeds × 15-fold OOF ===
  Done: HGB-d4
  Done: HGB-d6
  Done: HGB-d3
  Done: HGB-d5a
  Done: HGB-d5b
  Done: HGB-mln31
  Done: HGB-mln15
  Done: XGB-spw3
  Done: XGB-spw5
  Done: XGB-spw10

Mean ensemble (thresh=0.818): P=95.08% R=90.98% F1=92.99%
Stacked (thresh=0.995):      P=93.90% R=90.59% F1=92.22%

Threshold sweep (stacked probas):
   thresh  precision  recall      f1
     0.30     73.72%  95.69%  83.28%
     0.35     74.39%  95.69%  83.70%
     0.40     74.62%  95.69%  83.85%
     0.45     74.85%  95.69%  83.99%
     0.50     76.25%  95.69%  84.87%
     0.55     77.71%  95.69%  85.76%
     0.60     78.46%  95.69%  86.22%
     0.65     79.48%  95.69%  86.83%
     0.70     80.13%  94.90%  86.89%
     0.75     80.94%  94.90%  87.36%
     0.80     82.03%  94.90%  88.00%
     0.85     83.68%  94.51%  88.77%
     0.90     85.46%  94.51%  89.76%

Top-15 feature importances:
  cic_10k_7h                                       0.3758
  cic_50k_6h                                       0.2590
  cic_20k_6h                                       0.0890
  cic_frac_100k_7h                                 0.0344
  log_min_id_diff_10h                              0.0212
  cic_100k_6h                                      0.0200
  cic_100k_1h                                      0.0123
  cic_50k_336h                                     0.0102
  log_min_consec_gap_12h                           0.0087
  cic_50k_672h                                     0.0068
  cic_frac_50k_6h                                  0.0067
  cic_frac_10k_9h                                  0.0064
  partner_count_12h                                0.0058
  cic_frac_50k_10h                                 0.0058
  log_id_span_9h                                   0.0051

Cross-model feature importances (top 5):
  xm_cic_10k_6h                                    0.0000
  xm_cic_10k_8h                                    0.0000
  xm_cic_10k_10h                                   0.0000
  xm_cic_10k_12h                                   0.0000
  xm_cic_50k_6h                                    0.0000

============================================================
SUMMARY
============================================================
  v5 best:                    93.28%
  Mean ensemble:              92.99%
  Stacked:                    92.22%
  Best:                       92.99%
  vs v5: -0.29%

  Above 92%! Gap to 95%: 2.01%
