Loading models...
Loading dataset...
  26050 rows
Computing features...
  Norisk medians (vectorized CPU)...
/workspace/v2_v3_cpu_copy/autoresearch/classifier_v2_cpu_predict.py:293: RuntimeWarning: All-NaN slice encountered
  row_mins = np.nanmin(dd, axis=1)
  Model rates and risk fractions...
  Cross-model user stats...
  Dispatching 559 model groups to 8 workers...
Saved 26050 predictions to results.csv

Distribution:
predicted_risk
No risk      21961
Extreme       3579
Low            280
High           155
Very High       75

Updating risk levels in DB...
  Updated 26182 rows.
