Loading dataset...
  48775 rows

Computing features...
  Norisk medians (vectorized CPU)...
/workspace/v2_v3_cpu_copy/autoresearch/predict.py:298: RuntimeWarning: All-NaN slice encountered
  row_mins = np.nanmin(dd, axis=1)
/workspace/v2_v3_cpu_copy/autoresearch/predict.py:298: RuntimeWarning: All-NaN slice encountered
  row_mins = np.nanmin(dd, axis=1)
/workspace/v2_v3_cpu_copy/autoresearch/predict.py:298: RuntimeWarning: All-NaN slice encountered
  row_mins = np.nanmin(dd, axis=1)
/workspace/v2_v3_cpu_copy/autoresearch/predict.py:298: RuntimeWarning: All-NaN slice encountered
  row_mins = np.nanmin(dd, axis=1)
/workspace/v2_v3_cpu_copy/autoresearch/predict.py:298: RuntimeWarning: All-NaN slice encountered
  row_mins = np.nanmin(dd, axis=1)
/workspace/v2_v3_cpu_copy/autoresearch/predict.py:298: RuntimeWarning: All-NaN slice encountered
  row_mins = np.nanmin(dd, axis=1)
/workspace/v2_v3_cpu_copy/autoresearch/predict.py:298: RuntimeWarning: All-NaN slice encountered
  row_mins = np.nanmin(dd, axis=1)
/workspace/v2_v3_cpu_copy/autoresearch/predict.py:298: RuntimeWarning: All-NaN slice encountered
  row_mins = np.nanmin(dd, axis=1)
/workspace/v2_v3_cpu_copy/autoresearch/predict.py:298: RuntimeWarning: All-NaN slice encountered
  row_mins = np.nanmin(dd, axis=1)
/workspace/v2_v3_cpu_copy/autoresearch/predict.py:298: RuntimeWarning: All-NaN slice encountered
  row_mins = np.nanmin(dd, axis=1)
/workspace/v2_v3_cpu_copy/autoresearch/predict.py:298: RuntimeWarning: All-NaN slice encountered
  row_mins = np.nanmin(dd, axis=1)
/workspace/v2_v3_cpu_copy/autoresearch/predict.py:298: RuntimeWarning: All-NaN slice encountered
  row_mins = np.nanmin(dd, axis=1)
/workspace/v2_v3_cpu_copy/autoresearch/predict.py:298: RuntimeWarning: All-NaN slice encountered
  row_mins = np.nanmin(dd, axis=1)
/workspace/v2_v3_cpu_copy/autoresearch/predict.py:298: RuntimeWarning: All-NaN slice encountered
  row_mins = np.nanmin(dd, axis=1)
/workspace/v2_v3_cpu_copy/autoresearch/predict.py:298: RuntimeWarning: All-NaN slice encountered
  row_mins = np.nanmin(dd, axis=1)
/workspace/v2_v3_cpu_copy/autoresearch/predict.py:298: RuntimeWarning: All-NaN slice encountered
  row_mins = np.nanmin(dd, axis=1)
/workspace/v2_v3_cpu_copy/autoresearch/predict.py:298: RuntimeWarning: All-NaN slice encountered
  row_mins = np.nanmin(dd, axis=1)
/workspace/v2_v3_cpu_copy/autoresearch/predict.py:298: RuntimeWarning: All-NaN slice encountered
  row_mins = np.nanmin(dd, axis=1)
/workspace/v2_v3_cpu_copy/autoresearch/predict.py:298: RuntimeWarning: All-NaN slice encountered
  row_mins = np.nanmin(dd, axis=1)
/workspace/v2_v3_cpu_copy/autoresearch/predict.py:298: RuntimeWarning: All-NaN slice encountered
  row_mins = np.nanmin(dd, axis=1)
/workspace/v2_v3_cpu_copy/autoresearch/predict.py:298: RuntimeWarning: All-NaN slice encountered
  row_mins = np.nanmin(dd, axis=1)
/workspace/v2_v3_cpu_copy/autoresearch/predict.py:298: RuntimeWarning: All-NaN slice encountered
  row_mins = np.nanmin(dd, axis=1)
/workspace/v2_v3_cpu_copy/autoresearch/predict.py:298: RuntimeWarning: All-NaN slice encountered
  row_mins = np.nanmin(dd, axis=1)
/workspace/v2_v3_cpu_copy/autoresearch/predict.py:298: RuntimeWarning: All-NaN slice encountered
  row_mins = np.nanmin(dd, axis=1)
/workspace/v2_v3_cpu_copy/autoresearch/predict.py:298: RuntimeWarning: All-NaN slice encountered
  row_mins = np.nanmin(dd, axis=1)
/workspace/v2_v3_cpu_copy/autoresearch/predict.py:298: RuntimeWarning: All-NaN slice encountered
  row_mins = np.nanmin(dd, axis=1)
/workspace/v2_v3_cpu_copy/autoresearch/predict.py:298: RuntimeWarning: All-NaN slice encountered
  row_mins = np.nanmin(dd, axis=1)
/workspace/v2_v3_cpu_copy/autoresearch/predict.py:298: RuntimeWarning: All-NaN slice encountered
  row_mins = np.nanmin(dd, axis=1)
/workspace/v2_v3_cpu_copy/autoresearch/predict.py:298: RuntimeWarning: All-NaN slice encountered
  row_mins = np.nanmin(dd, axis=1)
/workspace/v2_v3_cpu_copy/autoresearch/predict.py:298: RuntimeWarning: All-NaN slice encountered
  row_mins = np.nanmin(dd, axis=1)
/workspace/v2_v3_cpu_copy/autoresearch/predict.py:298: RuntimeWarning: All-NaN slice encountered
  row_mins = np.nanmin(dd, axis=1)
/workspace/v2_v3_cpu_copy/autoresearch/predict.py:298: RuntimeWarning: All-NaN slice encountered
  row_mins = np.nanmin(dd, axis=1)
/workspace/v2_v3_cpu_copy/autoresearch/predict.py:298: RuntimeWarning: All-NaN slice encountered
  row_mins = np.nanmin(dd, axis=1)
/workspace/v2_v3_cpu_copy/autoresearch/predict.py:298: RuntimeWarning: All-NaN slice encountered
  row_mins = np.nanmin(dd, axis=1)
/workspace/v2_v3_cpu_copy/autoresearch/predict.py:298: RuntimeWarning: All-NaN slice encountered
  row_mins = np.nanmin(dd, axis=1)
/workspace/v2_v3_cpu_copy/autoresearch/predict.py:298: RuntimeWarning: All-NaN slice encountered
  row_mins = np.nanmin(dd, axis=1)
/workspace/v2_v3_cpu_copy/autoresearch/predict.py:298: RuntimeWarning: All-NaN slice encountered
  row_mins = np.nanmin(dd, axis=1)
/workspace/v2_v3_cpu_copy/autoresearch/predict.py:298: RuntimeWarning: All-NaN slice encountered
  row_mins = np.nanmin(dd, axis=1)
/workspace/v2_v3_cpu_copy/autoresearch/predict.py:298: RuntimeWarning: All-NaN slice encountered
  row_mins = np.nanmin(dd, axis=1)
/workspace/v2_v3_cpu_copy/autoresearch/predict.py:298: RuntimeWarning: All-NaN slice encountered
  row_mins = np.nanmin(dd, axis=1)
  Model rates and risk fractions...
  Cross-model user stats...
  Dispatching 1119 model groups to 8 workers...
  206 features, 48775 users
  Building cold-start augmentation...

=== Cascade ===
  Extreme...
    E-nl63-spw6: P=96.50% R=97.22% F1=96.86%
  High...
    H-nl63-spw129: P=80.39% R=80.13% F1=80.26%
  Low...
    L-nl63-spw66: P=92.66% R=87.03% F1=89.75%
  Ordinal...
    ORD-nl63-spw5: P=93.01% R=96.98% F1=94.96%

=== Very High (20s x 15-fold) ===
  1048 pos, 40303 neg  spw=38.5  feats=210
    LGB-nl63-spw38: P=95.72% R=91.79% F1=93.72%
  VH threshold (OOF warm): 0.4302
  VH cold threshold: 0.9303  cold OOF F1=100.00% P=100.00% R=100.00%
  Training final VH model on full data...

=== Cold VH vs Extreme (secondary classifier) ===
  VH=1048 Extreme=6503 spw=6.2
  Cold VH OOF: P=91.78% R=84.16% F1=87.80% @ t=0.631
  Training final cold_vh ensemble...

=== Cold High vs Extreme (secondary classifier) ===
  High=312 Extreme=6503 spw=20.8
  Cold High OOF: P=74.25% R=71.15% F1=72.67% @ t=0.312
  Training final cold_high ensemble...

=== Cold Low vs No risk (secondary classifier) ===
  Low=609 No risk=40303 spw=66.2
  Cold Low OOF: P=89.05% R=89.49% F1=89.27% @ t=0.505
  Training final cold_low ensemble...

=== Warm VH rescue classifier ===
  VH=1048 non-VH=7424 spw=7.1
  Warm rescue OOF: P=93.48% R=87.50% F1=90.39% @ t=0.4850

Saving models to models_cpu/...
  Done.
