Loading dataset (selected=False)...
  48775 rows

Computing features...
  Norisk medians (vectorized CPU)...
/workspace/autoresearch-skill/project/of_autoresearch/classifier_v2_cpu_predict.py:299: RuntimeWarning: All-NaN slice encountered
  row_mins = np.nanmin(dd, axis=1)
  Model rates and risk fractions...
  Cross-model user stats...
  Dispatching 1119 model groups to 8 workers...
  206 features, 48775 users
  Building cold-start augmentation...

=== Cascade ===
  Extreme...
    E-nl63-spw6: P=95.65% R=98.09% F1=96.86%
  High...
    H-nl63-spw129: P=81.52% R=79.17% F1=80.33%
  Low...
    L-nl63-spw66: P=92.03% R=87.19% F1=89.54%
  Ordinal...
    ORD-nl63-spw5: P=93.42% R=96.62% F1=94.99%

=== Very High (20s x 15-fold) ===
  1048 pos, 40303 neg  spw=38.5  feats=210
    LGB-nl63-spw38: P=96.66% R=91.13% F1=93.81%
  VH threshold (OOF warm): 0.5110
  VH cold threshold: 0.8031  cold OOF F1=100.00% P=100.00% R=100.00%
  Training final VH model on full data...

=== Cold VH vs Extreme (secondary classifier) ===
  VH=1048 Extreme=6503 spw=6.2
  Cold VH OOF: P=93.76% R=83.21% F1=88.17% @ t=0.700
  Training final cold_vh ensemble...

=== Cold High vs Extreme (secondary classifier) ===
  High=312 Extreme=6503 spw=41.7 (2x bumped)
  Cold High OOF: P=80.31% R=65.38% F1=72.08% @ t=0.527
  Training final cold_high ensemble...

=== Cold Low vs No risk (secondary classifier) ===
  Low=609 No risk=40303 spw=132.4 (2x bumped)
  Cold Low OOF: P=90.22% R=87.85% F1=89.02% @ t=0.650
  Training final cold_low ensemble...

=== Warm VH rescue classifier ===
  VH=1048 non-VH=7424 spw=7.1
  Warm rescue OOF: P=93.92% R=87.02% F1=90.34% @ t=0.5185

Saving models to models_cpu_iter12/...
  Done.
