Loading dataset (selected=False)...
  48775 rows

Computing features...
  Norisk medians (vectorized CPU)...
/workspace/v2_v3_cpu_copy/autoresearch/classifier_v2_cpu_predict.py:298: RuntimeWarning: All-NaN slice encountered
  row_mins = np.nanmin(dd, axis=1)
/workspace/v2_v3_cpu_copy/autoresearch/classifier_v2_cpu_predict.py:298: RuntimeWarning: All-NaN slice encountered
  row_mins = np.nanmin(dd, axis=1)
/workspace/v2_v3_cpu_copy/autoresearch/classifier_v2_cpu_predict.py:298: RuntimeWarning: All-NaN slice encountered
  row_mins = np.nanmin(dd, axis=1)
/workspace/v2_v3_cpu_copy/autoresearch/classifier_v2_cpu_predict.py:298: RuntimeWarning: All-NaN slice encountered
  row_mins = np.nanmin(dd, axis=1)
/workspace/v2_v3_cpu_copy/autoresearch/classifier_v2_cpu_predict.py:298: RuntimeWarning: All-NaN slice encountered
  row_mins = np.nanmin(dd, axis=1)
/workspace/v2_v3_cpu_copy/autoresearch/classifier_v2_cpu_predict.py:298: RuntimeWarning: All-NaN slice encountered
  row_mins = np.nanmin(dd, axis=1)
/workspace/v2_v3_cpu_copy/autoresearch/classifier_v2_cpu_predict.py:298: RuntimeWarning: All-NaN slice encountered
  row_mins = np.nanmin(dd, axis=1)
/workspace/v2_v3_cpu_copy/autoresearch/classifier_v2_cpu_predict.py:298: RuntimeWarning: All-NaN slice encountered
  row_mins = np.nanmin(dd, axis=1)
/workspace/v2_v3_cpu_copy/autoresearch/classifier_v2_cpu_predict.py:298: RuntimeWarning: All-NaN slice encountered
  row_mins = np.nanmin(dd, axis=1)
/workspace/v2_v3_cpu_copy/autoresearch/classifier_v2_cpu_predict.py:298: RuntimeWarning: All-NaN slice encountered
  row_mins = np.nanmin(dd, axis=1)
/workspace/v2_v3_cpu_copy/autoresearch/classifier_v2_cpu_predict.py:298: RuntimeWarning: All-NaN slice encountered
  row_mins = np.nanmin(dd, axis=1)
/workspace/v2_v3_cpu_copy/autoresearch/classifier_v2_cpu_predict.py:298: RuntimeWarning: All-NaN slice encountered
  row_mins = np.nanmin(dd, axis=1)
/workspace/v2_v3_cpu_copy/autoresearch/classifier_v2_cpu_predict.py:298: RuntimeWarning: All-NaN slice encountered
  row_mins = np.nanmin(dd, axis=1)
/workspace/v2_v3_cpu_copy/autoresearch/classifier_v2_cpu_predict.py:298: RuntimeWarning: All-NaN slice encountered
  row_mins = np.nanmin(dd, axis=1)
/workspace/v2_v3_cpu_copy/autoresearch/classifier_v2_cpu_predict.py:298: RuntimeWarning: All-NaN slice encountered
  row_mins = np.nanmin(dd, axis=1)
/workspace/v2_v3_cpu_copy/autoresearch/classifier_v2_cpu_predict.py:298: RuntimeWarning: All-NaN slice encountered
  row_mins = np.nanmin(dd, axis=1)
/workspace/v2_v3_cpu_copy/autoresearch/classifier_v2_cpu_predict.py:298: RuntimeWarning: All-NaN slice encountered
  row_mins = np.nanmin(dd, axis=1)
/workspace/v2_v3_cpu_copy/autoresearch/classifier_v2_cpu_predict.py:298: RuntimeWarning: All-NaN slice encountered
  row_mins = np.nanmin(dd, axis=1)
/workspace/v2_v3_cpu_copy/autoresearch/classifier_v2_cpu_predict.py:298: RuntimeWarning: All-NaN slice encountered
  row_mins = np.nanmin(dd, axis=1)
/workspace/v2_v3_cpu_copy/autoresearch/classifier_v2_cpu_predict.py:298: RuntimeWarning: All-NaN slice encountered
  row_mins = np.nanmin(dd, axis=1)
/workspace/v2_v3_cpu_copy/autoresearch/classifier_v2_cpu_predict.py:298: RuntimeWarning: All-NaN slice encountered
  row_mins = np.nanmin(dd, axis=1)
/workspace/v2_v3_cpu_copy/autoresearch/classifier_v2_cpu_predict.py:298: RuntimeWarning: All-NaN slice encountered
  row_mins = np.nanmin(dd, axis=1)
/workspace/v2_v3_cpu_copy/autoresearch/classifier_v2_cpu_predict.py:298: RuntimeWarning: All-NaN slice encountered
  row_mins = np.nanmin(dd, axis=1)
/workspace/v2_v3_cpu_copy/autoresearch/classifier_v2_cpu_predict.py:298: RuntimeWarning: All-NaN slice encountered
  row_mins = np.nanmin(dd, axis=1)
/workspace/v2_v3_cpu_copy/autoresearch/classifier_v2_cpu_predict.py:298: RuntimeWarning: All-NaN slice encountered
  row_mins = np.nanmin(dd, axis=1)
/workspace/v2_v3_cpu_copy/autoresearch/classifier_v2_cpu_predict.py:298: RuntimeWarning: All-NaN slice encountered
  row_mins = np.nanmin(dd, axis=1)
/workspace/v2_v3_cpu_copy/autoresearch/classifier_v2_cpu_predict.py:298: RuntimeWarning: All-NaN slice encountered
  row_mins = np.nanmin(dd, axis=1)
/workspace/v2_v3_cpu_copy/autoresearch/classifier_v2_cpu_predict.py:298: RuntimeWarning: All-NaN slice encountered
  row_mins = np.nanmin(dd, axis=1)
/workspace/v2_v3_cpu_copy/autoresearch/classifier_v2_cpu_predict.py:298: RuntimeWarning: All-NaN slice encountered
  row_mins = np.nanmin(dd, axis=1)
/workspace/v2_v3_cpu_copy/autoresearch/classifier_v2_cpu_predict.py:298: RuntimeWarning: All-NaN slice encountered
  row_mins = np.nanmin(dd, axis=1)
/workspace/v2_v3_cpu_copy/autoresearch/classifier_v2_cpu_predict.py:298: RuntimeWarning: All-NaN slice encountered
  row_mins = np.nanmin(dd, axis=1)
/workspace/v2_v3_cpu_copy/autoresearch/classifier_v2_cpu_predict.py:298: RuntimeWarning: All-NaN slice encountered
  row_mins = np.nanmin(dd, axis=1)
/workspace/v2_v3_cpu_copy/autoresearch/classifier_v2_cpu_predict.py:298: RuntimeWarning: All-NaN slice encountered
  row_mins = np.nanmin(dd, axis=1)
/workspace/v2_v3_cpu_copy/autoresearch/classifier_v2_cpu_predict.py:298: RuntimeWarning: All-NaN slice encountered
  row_mins = np.nanmin(dd, axis=1)
/workspace/v2_v3_cpu_copy/autoresearch/classifier_v2_cpu_predict.py:298: RuntimeWarning: All-NaN slice encountered
  row_mins = np.nanmin(dd, axis=1)
/workspace/v2_v3_cpu_copy/autoresearch/classifier_v2_cpu_predict.py:298: RuntimeWarning: All-NaN slice encountered
  row_mins = np.nanmin(dd, axis=1)
/workspace/v2_v3_cpu_copy/autoresearch/classifier_v2_cpu_predict.py:298: RuntimeWarning: All-NaN slice encountered
  row_mins = np.nanmin(dd, axis=1)
/workspace/v2_v3_cpu_copy/autoresearch/classifier_v2_cpu_predict.py:298: RuntimeWarning: All-NaN slice encountered
  row_mins = np.nanmin(dd, axis=1)
/workspace/v2_v3_cpu_copy/autoresearch/classifier_v2_cpu_predict.py:298: RuntimeWarning: All-NaN slice encountered
  row_mins = np.nanmin(dd, axis=1)
/workspace/v2_v3_cpu_copy/autoresearch/classifier_v2_cpu_predict.py:298: RuntimeWarning: All-NaN slice encountered
  row_mins = np.nanmin(dd, axis=1)
  Model rates and risk fractions...
  Cross-model user stats...
  Dispatching 1119 model groups to 8 workers...
  206 features, 48775 users
  Building cold-start augmentation...

=== Cascade ===
  Extreme...
    E-nl63-spw6: P=95.89% R=97.86% F1=96.86%
  High...
    H-nl63-spw129: P=79.38% R=81.41% F1=80.38%
  Low...
    L-nl63-spw66: P=92.47% R=86.70% F1=89.49%
  Ordinal...
    ORD-nl63-spw5: P=93.84% R=96.19% F1=95.00%

=== Very High (20s x 15-fold) ===
  1048 pos, 40303 neg  spw=38.5  feats=210
    LGB-nl63-spw38: P=95.07% R=92.08% F1=93.55%
  VH threshold (OOF warm): 0.4041
  VH cold threshold: 0.8173  cold OOF F1=100.00% P=100.00% R=100.00%
  Training final VH model on full data...

=== Cold VH vs Extreme (secondary classifier) ===
  VH=1048 Extreme=6503 spw=6.2
  Cold VH OOF: P=89.98% R=84.83% F1=87.33% @ t=0.630

=== Warm VH rescue classifier ===
  VH=1048 non-VH=7424 spw=7.1
  Warm rescue OOF: P=94.67% R=86.35% F1=90.32% @ t=0.5912

Saving models to models_cpu/...
  Done.
