Loading dataset (selected=False)...
  48775 rows

Computing features...
  Norisk medians (vectorized CPU)...
/workspace/v2_v3_cpu_copy/autoresearch/classifier_v2_cpu_predict.py:293: RuntimeWarning: All-NaN slice encountered
  row_mins = np.nanmin(dd, axis=1)
/workspace/v2_v3_cpu_copy/autoresearch/classifier_v2_cpu_predict.py:293: RuntimeWarning: All-NaN slice encountered
  row_mins = np.nanmin(dd, axis=1)
/workspace/v2_v3_cpu_copy/autoresearch/classifier_v2_cpu_predict.py:293: RuntimeWarning: All-NaN slice encountered
  row_mins = np.nanmin(dd, axis=1)
/workspace/v2_v3_cpu_copy/autoresearch/classifier_v2_cpu_predict.py:293: RuntimeWarning: All-NaN slice encountered
  row_mins = np.nanmin(dd, axis=1)
/workspace/v2_v3_cpu_copy/autoresearch/classifier_v2_cpu_predict.py:293: RuntimeWarning: All-NaN slice encountered
  row_mins = np.nanmin(dd, axis=1)
/workspace/v2_v3_cpu_copy/autoresearch/classifier_v2_cpu_predict.py:293: RuntimeWarning: All-NaN slice encountered
  row_mins = np.nanmin(dd, axis=1)
/workspace/v2_v3_cpu_copy/autoresearch/classifier_v2_cpu_predict.py:293: RuntimeWarning: All-NaN slice encountered
  row_mins = np.nanmin(dd, axis=1)
/workspace/v2_v3_cpu_copy/autoresearch/classifier_v2_cpu_predict.py:293: RuntimeWarning: All-NaN slice encountered
  row_mins = np.nanmin(dd, axis=1)
/workspace/v2_v3_cpu_copy/autoresearch/classifier_v2_cpu_predict.py:293: RuntimeWarning: All-NaN slice encountered
  row_mins = np.nanmin(dd, axis=1)
/workspace/v2_v3_cpu_copy/autoresearch/classifier_v2_cpu_predict.py:293: RuntimeWarning: All-NaN slice encountered
  row_mins = np.nanmin(dd, axis=1)
/workspace/v2_v3_cpu_copy/autoresearch/classifier_v2_cpu_predict.py:293: RuntimeWarning: All-NaN slice encountered
  row_mins = np.nanmin(dd, axis=1)
/workspace/v2_v3_cpu_copy/autoresearch/classifier_v2_cpu_predict.py:293: RuntimeWarning: All-NaN slice encountered
  row_mins = np.nanmin(dd, axis=1)
/workspace/v2_v3_cpu_copy/autoresearch/classifier_v2_cpu_predict.py:293: RuntimeWarning: All-NaN slice encountered
  row_mins = np.nanmin(dd, axis=1)
/workspace/v2_v3_cpu_copy/autoresearch/classifier_v2_cpu_predict.py:293: RuntimeWarning: All-NaN slice encountered
  row_mins = np.nanmin(dd, axis=1)
/workspace/v2_v3_cpu_copy/autoresearch/classifier_v2_cpu_predict.py:293: RuntimeWarning: All-NaN slice encountered
  row_mins = np.nanmin(dd, axis=1)
/workspace/v2_v3_cpu_copy/autoresearch/classifier_v2_cpu_predict.py:293: RuntimeWarning: All-NaN slice encountered
  row_mins = np.nanmin(dd, axis=1)
/workspace/v2_v3_cpu_copy/autoresearch/classifier_v2_cpu_predict.py:293: RuntimeWarning: All-NaN slice encountered
  row_mins = np.nanmin(dd, axis=1)
/workspace/v2_v3_cpu_copy/autoresearch/classifier_v2_cpu_predict.py:293: RuntimeWarning: All-NaN slice encountered
  row_mins = np.nanmin(dd, axis=1)
/workspace/v2_v3_cpu_copy/autoresearch/classifier_v2_cpu_predict.py:293: RuntimeWarning: All-NaN slice encountered
  row_mins = np.nanmin(dd, axis=1)
/workspace/v2_v3_cpu_copy/autoresearch/classifier_v2_cpu_predict.py:293: RuntimeWarning: All-NaN slice encountered
  row_mins = np.nanmin(dd, axis=1)
/workspace/v2_v3_cpu_copy/autoresearch/classifier_v2_cpu_predict.py:293: RuntimeWarning: All-NaN slice encountered
  row_mins = np.nanmin(dd, axis=1)
/workspace/v2_v3_cpu_copy/autoresearch/classifier_v2_cpu_predict.py:293: RuntimeWarning: All-NaN slice encountered
  row_mins = np.nanmin(dd, axis=1)
/workspace/v2_v3_cpu_copy/autoresearch/classifier_v2_cpu_predict.py:293: RuntimeWarning: All-NaN slice encountered
  row_mins = np.nanmin(dd, axis=1)
/workspace/v2_v3_cpu_copy/autoresearch/classifier_v2_cpu_predict.py:293: RuntimeWarning: All-NaN slice encountered
  row_mins = np.nanmin(dd, axis=1)
/workspace/v2_v3_cpu_copy/autoresearch/classifier_v2_cpu_predict.py:293: RuntimeWarning: All-NaN slice encountered
  row_mins = np.nanmin(dd, axis=1)
/workspace/v2_v3_cpu_copy/autoresearch/classifier_v2_cpu_predict.py:293: RuntimeWarning: All-NaN slice encountered
  row_mins = np.nanmin(dd, axis=1)
/workspace/v2_v3_cpu_copy/autoresearch/classifier_v2_cpu_predict.py:293: RuntimeWarning: All-NaN slice encountered
  row_mins = np.nanmin(dd, axis=1)
/workspace/v2_v3_cpu_copy/autoresearch/classifier_v2_cpu_predict.py:293: RuntimeWarning: All-NaN slice encountered
  row_mins = np.nanmin(dd, axis=1)
/workspace/v2_v3_cpu_copy/autoresearch/classifier_v2_cpu_predict.py:293: RuntimeWarning: All-NaN slice encountered
  row_mins = np.nanmin(dd, axis=1)
/workspace/v2_v3_cpu_copy/autoresearch/classifier_v2_cpu_predict.py:293: RuntimeWarning: All-NaN slice encountered
  row_mins = np.nanmin(dd, axis=1)
/workspace/v2_v3_cpu_copy/autoresearch/classifier_v2_cpu_predict.py:293: RuntimeWarning: All-NaN slice encountered
  row_mins = np.nanmin(dd, axis=1)
/workspace/v2_v3_cpu_copy/autoresearch/classifier_v2_cpu_predict.py:293: RuntimeWarning: All-NaN slice encountered
  row_mins = np.nanmin(dd, axis=1)
/workspace/v2_v3_cpu_copy/autoresearch/classifier_v2_cpu_predict.py:293: RuntimeWarning: All-NaN slice encountered
  row_mins = np.nanmin(dd, axis=1)
/workspace/v2_v3_cpu_copy/autoresearch/classifier_v2_cpu_predict.py:293: RuntimeWarning: All-NaN slice encountered
  row_mins = np.nanmin(dd, axis=1)
/workspace/v2_v3_cpu_copy/autoresearch/classifier_v2_cpu_predict.py:293: RuntimeWarning: All-NaN slice encountered
  row_mins = np.nanmin(dd, axis=1)
/workspace/v2_v3_cpu_copy/autoresearch/classifier_v2_cpu_predict.py:293: RuntimeWarning: All-NaN slice encountered
  row_mins = np.nanmin(dd, axis=1)
/workspace/v2_v3_cpu_copy/autoresearch/classifier_v2_cpu_predict.py:293: RuntimeWarning: All-NaN slice encountered
  row_mins = np.nanmin(dd, axis=1)
/workspace/v2_v3_cpu_copy/autoresearch/classifier_v2_cpu_predict.py:293: RuntimeWarning: All-NaN slice encountered
  row_mins = np.nanmin(dd, axis=1)
/workspace/v2_v3_cpu_copy/autoresearch/classifier_v2_cpu_predict.py:293: RuntimeWarning: All-NaN slice encountered
  row_mins = np.nanmin(dd, axis=1)
/workspace/v2_v3_cpu_copy/autoresearch/classifier_v2_cpu_predict.py:293: RuntimeWarning: All-NaN slice encountered
  row_mins = np.nanmin(dd, axis=1)
  Model rates and risk fractions...
  Cross-model user stats...
  Dispatching 1119 model groups to 8 workers...
  206 features, 48775 users
  Building cold-start augmentation...

=== Cascade ===
  Extreme...
    E-nl63-spw6: P=96.19% R=97.86% F1=97.02%
  High...
    H-nl63-spw129: P=85.17% R=79.17% F1=82.06%
  Low...
    L-nl63-spw66: P=89.92% R=89.33% F1=89.62%
  Ordinal...
    ORD-nl63-spw5: P=93.53% R=96.62% F1=95.05%

=== Very High (20s x 15-fold) ===
  1048 pos, 40303 neg  spw=38.5  feats=210
    LGB-nl63-spw38: P=96.97% R=91.60% F1=94.21%
  VH threshold (OOF warm): 0.6102
  VH cold threshold: 0.5897  cold OOF F1=100.00% P=100.00% R=100.00%
  Training final VH model on full data...

=== Cold VH vs Extreme (secondary classifier) ===
  VH=1048 Extreme=6503 spw=6.2
  Cold VH OOF: P=94.32% R=85.59% F1=89.74% @ t=0.519

=== Warm VH rescue classifier ===
  VH=1048 non-VH=7424 spw=7.1
  Warm rescue OOF: P=93.64% R=88.55% F1=91.03% @ t=0.4427

Saving models to models_cpu/...
  Done.
